# JRE version: Java(TM) SE Runtime Environment (8.0_66-b17) (build 1.8.0_66-b17)
# Java VM: Java HotSpot(TM) Client VM (25.66-b17 mixed mode, sharing windows-x86 )
Heap:
 def new generation   total 19264K, used 10522K [0x04800000, 0x05ce0000, 0x09d50000)
  eden space 17152K,  61% used [0x04800000, 0x05245d38, 0x058c0000)
  from space 2112K,   0% used [0x058c0000, 0x058c0d20, 0x05ad0000)
  to   space 2112K,   0% used [0x05ad0000, 0x05ad0000, 0x05ce0000)
 tenured generation   total 42688K, used 35586K [0x09d50000, 0x0c700000, 0x14800000)
   the space 42688K,  83% used [0x09d50000, 0x0c010a90, 0x0c010c00, 0x0c700000)
 Metaspace       used 28263K, capacity 28565K, committed 28800K, reserved 29056K
GC Heap History (10 events):
Event: 33.516 GC heap before
{Heap before GC invocations=114 (full 3):
 def new generation   total 19264K, used 18856K [0x04800000, 0x05ce0000, 0x09d50000)
  eden space 17152K, 100% used [0x04800000, 0x058c0000, 0x058c0000)
  from space 2112K,  80% used [0x05ad0000, 0x05c7a3a8, 0x05ce0000)
  to   space 2112K,   0% used [0x058c0000, 0x058c0000, 0x05ad0000)
 tenured generation   total 42688K, used 33928K [0x09d50000, 0x0c700000, 0x14800000)
   the space 42688K,  79% used [0x09d50000, 0x0be72260, 0x0be72400, 0x0c700000)
 Metaspace       used 28263K, capacity 28565K, committed 28800K, reserved 29056K
Event: 33.521 GC heap after
Heap after GC invocations=115 (full 3):
 def new generation   total 19264K, used 2K [0x04800000, 0x05ce0000, 0x09d50000)
  eden space 17152K,   0% used [0x04800000, 0x04800000, 0x058c0000)
  from space 2112K,   0% used [0x058c0000, 0x058c0828, 0x05ad0000)
  to   space 2112K,   0% used [0x05ad0000, 0x05ad0000, 0x05ce0000)
 tenured generation   total 42688K, used 35586K [0x09d50000, 0x0c700000, 0x14800000)
   the space 42688K,  83% used [0x09d50000, 0x0c010a90, 0x0c010c00, 0x0c700000)
 Metaspace       used 28263K, capacity 28565K, committed 28800K, reserved 29056K
}
Event: 33.558 GC heap before
{Heap before GC invocations=115 (full 3):
 def new generation   total 19264K, used 17154K [0x04800000, 0x05ce0000, 0x09d50000)
  eden space 17152K, 100% used [0x04800000, 0x058c0000, 0x058c0000)
  from space 2112K,   0% used [0x058c0000, 0x058c0828, 0x05ad0000)
  to   space 2112K,   0% used [0x05ad0000, 0x05ad0000, 0x05ce0000)
 tenured generation   total 42688K, used 35586K [0x09d50000, 0x0c700000, 0x14800000)
   the space 42688K,  83% used [0x09d50000, 0x0c010a90, 0x0c010c00, 0x0c700000)
 Metaspace       used 28263K, capacity 28565K, committed 28800K, reserved 29056K
Event: 33.560 GC heap after
Heap after GC invocations=116 (full 3):
 def new generation   total 19264K, used 5K [0x04800000, 0x05ce0000, 0x09d50000)
  eden space 17152K,   0% used [0x04800000, 0x04800000, 0x058c0000)
  from space 2112K,   0% used [0x05ad0000, 0x05ad1768, 0x05ce0000)
  to   space 2112K,   0% used [0x058c0000, 0x058c0000, 0x05ad0000)
 tenured generation   total 42688K, used 35586K [0x09d50000, 0x0c700000, 0x14800000)
   the space 42688K,  83% used [0x09d50000, 0x0c010a90, 0x0c010c00, 0x0c700000)
 Metaspace       used 28263K, capacity 28565K, committed 28800K, reserved 29056K
}
Event: 34.786 GC heap before
{Heap before GC invocations=116 (full 3):
 def new generation   total 19264K, used 17157K [0x04800000, 0x05ce0000, 0x09d50000)
  eden space 17152K, 100% used [0x04800000, 0x058c0000, 0x058c0000)
  from space 2112K,   0% used [0x05ad0000, 0x05ad1768, 0x05ce0000)
  to   space 2112K,   0% used [0x058c0000, 0x058c0000, 0x05ad0000)
 tenured generation   total 42688K, used 35586K [0x09d50000, 0x0c700000, 0x14800000)
   the space 42688K,  83% used [0x09d50000, 0x0c010a90, 0x0c010c00, 0x0c700000)
 Metaspace       used 28263K, capacity 28565K, committed 28800K, reserved 29056K
Event: 34.787 GC heap after
Heap after GC invocations=117 (full 3):
 def new generation   total 19264K, used 4K [0x04800000, 0x05ce0000, 0x09d50000)
  eden space 17152K,   0% used [0x04800000, 0x04800000, 0x058c0000)
  from space 2112K,   0% used [0x058c0000, 0x058c13f8, 0x05ad0000)
  to   space 2112K,   0% used [0x05ad0000, 0x05ad0000, 0x05ce0000)
 tenured generation   total 42688K, used 35586K [0x09d50000, 0x0c700000, 0x14800000)
   the space 42688K,  83% used [0x09d50000, 0x0c010a90, 0x0c010c00, 0x0c700000)
 Metaspace       used 28263K, capacity 28565K, committed 28800K, reserved 29056K
}
Event: 34.824 GC heap before
{Heap before GC invocations=117 (full 3):
 def new generation   total 19264K, used 17156K [0x04800000, 0x05ce0000, 0x09d50000)
  eden space 17152K, 100% used [0x04800000, 0x058c0000, 0x058c0000)
  from space 2112K,   0% used [0x058c0000, 0x058c13f8, 0x05ad0000)
  to   space 2112K,   0% used [0x05ad0000, 0x05ad0000, 0x05ce0000)
 tenured generation   total 42688K, used 35586K [0x09d50000, 0x0c700000, 0x14800000)
   the space 42688K,  83% used [0x09d50000, 0x0c010a90, 0x0c010c00, 0x0c700000)
 Metaspace       used 28263K, capacity 28565K, committed 28800K, reserved 29056K
Event: 34.826 GC heap after
Heap after GC invocations=118 (full 3):
 def new generation   total 19264K, used 5K [0x04800000, 0x05ce0000, 0x09d50000)
  eden space 17152K,   0% used [0x04800000, 0x04800000, 0x058c0000)
  from space 2112K,   0% used [0x05ad0000, 0x05ad1600, 0x05ce0000)
  to   space 2112K,   0% used [0x058c0000, 0x058c0000, 0x05ad0000)
 tenured generation   total 42688K, used 35586K [0x09d50000, 0x0c700000, 0x14800000)
   the space 42688K,  83% used [0x09d50000, 0x0c010a90, 0x0c010c00, 0x0c700000)
 Metaspace       used 28263K, capacity 28565K, committed 28800K, reserved 29056K
}
Event: 34.865 GC heap before
{Heap before GC invocations=118 (full 3):
 def new generation   total 19264K, used 17157K [0x04800000, 0x05ce0000, 0x09d50000)
  eden space 17152K, 100% used [0x04800000, 0x058c0000, 0x058c0000)
  from space 2112K,   0% used [0x05ad0000, 0x05ad1600, 0x05ce0000)
  to   space 2112K,   0% used [0x058c0000, 0x058c0000, 0x05ad0000)
 tenured generation   total 42688K, used 35586K [0x09d50000, 0x0c700000, 0x14800000)
   the space 42688K,  83% used [0x09d50000, 0x0c010a90, 0x0c010c00, 0x0c700000)
 Metaspace       used 28263K, capacity 28565K, committed 28800K, reserved 29056K
Event: 34.866 GC heap after
Heap after GC invocations=119 (full 3):
 def new generation   total 19264K, used 3K [0x04800000, 0x05ce0000, 0x09d50000)
  eden space 17152K,   0% used [0x04800000, 0x04800000, 0x058c0000)
  from space 2112K,   0% used [0x058c0000, 0x058c0d20, 0x05ad0000)
  to   space 2112K,   0% used [0x05ad0000, 0x05ad0000, 0x05ce0000)
 tenured generation   total 42688K, used 35586K [0x09d50000, 0x0c700000, 0x14800000)
   the space 42688K,  83% used [0x09d50000, 0x0c010a90, 0x0c010c00, 0x0c700000)
 Metaspace       used 28263K, capacity 28565K, committed 28800K, reserved 29056K
}

