# JRE version: Java(TM) SE Runtime Environment (8.0_66-b17) (build 1.8.0_66-b17)
# Java VM: Java HotSpot(TM) Client VM (25.66-b17 mixed mode windows-x86 )
Heap:
 def new generation   total 20096K, used 4612K [0x04e00000, 0x063c0000, 0x0a350000)
  eden space 17920K,  25% used [0x04e00000, 0x05280148, 0x05f80000)
  from space 2176K,   0% used [0x061a0000, 0x061a1198, 0x063c0000)
  to   space 2176K,   0% used [0x05f80000, 0x05f80000, 0x061a0000)
 tenured generation   total 44476K, used 37849K [0x0a350000, 0x0cebf000, 0x14e00000)
   the space 44476K,  85% used [0x0a350000, 0x0c846758, 0x0c846800, 0x0cebf000)
 Metaspace       used 34797K, capacity 35082K, committed 35328K, reserved 36224K
GC Heap History (10 events):
Event: 66.724 GC heap before
{Heap before GC invocations=123 (full 4):
 def new generation   total 20096K, used 20096K [0x04e00000, 0x063c0000, 0x0a350000)
  eden space 17920K, 100% used [0x04e00000, 0x05f80000, 0x05f80000)
  from space 2176K, 100% used [0x05f80000, 0x061a0000, 0x061a0000)
  to   space 2176K,   0% used [0x061a0000, 0x061a0000, 0x063c0000)
 tenured generation   total 44476K, used 31088K [0x0a350000, 0x0cebf000, 0x14e00000)
   the space 44476K,  69% used [0x0a350000, 0x0c1ac220, 0x0c1ac400, 0x0cebf000)
 Metaspace       used 34550K, capacity 34840K, committed 35072K, reserved 35200K
Event: 66.731 GC heap after
Heap after GC invocations=124 (full 4):
 def new generation   total 20096K, used 2176K [0x04e00000, 0x063c0000, 0x0a350000)
  eden space 17920K,   0% used [0x04e00000, 0x04e00000, 0x05f80000)
  from space 2176K, 100% used [0x061a0000, 0x063c0000, 0x063c0000)
  to   space 2176K,   0% used [0x05f80000, 0x05f80000, 0x061a0000)
 tenured generation   total 44476K, used 32310K [0x0a350000, 0x0cebf000, 0x14e00000)
   the space 44476K,  72% used [0x0a350000, 0x0c2dd980, 0x0c2dda00, 0x0cebf000)
 Metaspace       used 34550K, capacity 34840K, committed 35072K, reserved 35200K
}
Event: 66.960 GC heap before
{Heap before GC invocations=124 (full 4):
 def new generation   total 20096K, used 20096K [0x04e00000, 0x063c0000, 0x0a350000)
  eden space 17920K, 100% used [0x04e00000, 0x05f80000, 0x05f80000)
  from space 2176K, 100% used [0x061a0000, 0x063c0000, 0x063c0000)
  to   space 2176K,   0% used [0x05f80000, 0x05f80000, 0x061a0000)
 tenured generation   total 44476K, used 32310K [0x0a350000, 0x0cebf000, 0x14e00000)
   the space 44476K,  72% used [0x0a350000, 0x0c2dd980, 0x0c2dda00, 0x0cebf000)
 Metaspace       used 34713K, capacity 35015K, committed 35200K, reserved 35200K
Event: 66.971 GC heap after
Heap after GC invocations=125 (full 4):
 def new generation   total 20096K, used 2175K [0x04e00000, 0x063c0000, 0x0a350000)
  eden space 17920K,   0% used [0x04e00000, 0x04e00000, 0x05f80000)
  from space 2176K,  99% used [0x05f80000, 0x0619fff8, 0x061a0000)
  to   space 2176K,   0% used [0x061a0000, 0x061a0000, 0x063c0000)
 tenured generation   total 44476K, used 34580K [0x0a350000, 0x0cebf000, 0x14e00000)
   the space 44476K,  77% used [0x0a350000, 0x0c515278, 0x0c515400, 0x0cebf000)
 Metaspace       used 34713K, capacity 35015K, committed 35200K, reserved 35200K
}
Event: 73.521 GC heap before
{Heap before GC invocations=125 (full 4):
 def new generation   total 20096K, used 20095K [0x04e00000, 0x063c0000, 0x0a350000)
  eden space 17920K, 100% used [0x04e00000, 0x05f80000, 0x05f80000)
  from space 2176K,  99% used [0x05f80000, 0x0619fff8, 0x061a0000)
  to   space 2176K,   0% used [0x061a0000, 0x061a0000, 0x063c0000)
 tenured generation   total 44476K, used 34580K [0x0a350000, 0x0cebf000, 0x14e00000)
   the space 44476K,  77% used [0x0a350000, 0x0c515278, 0x0c515400, 0x0cebf000)
 Metaspace       used 34797K, capacity 35082K, committed 35328K, reserved 36224K
Event: 73.528 GC heap after
Heap after GC invocations=126 (full 4):
 def new generation   total 20096K, used 1170K [0x04e00000, 0x063c0000, 0x0a350000)
  eden space 17920K,   0% used [0x04e00000, 0x04e00000, 0x05f80000)
  from space 2176K,  53% used [0x061a0000, 0x062c49e0, 0x063c0000)
  to   space 2176K,   0% used [0x05f80000, 0x05f80000, 0x061a0000)
 tenured generation   total 44476K, used 36727K [0x0a350000, 0x0cebf000, 0x14e00000)
   the space 44476K,  82% used [0x0a350000, 0x0c72dca0, 0x0c72de00, 0x0cebf000)
 Metaspace       used 34797K, capacity 35082K, committed 35328K, reserved 36224K
}
Event: 73.566 GC heap before
{Heap before GC invocations=126 (full 4):
 def new generation   total 20096K, used 19090K [0x04e00000, 0x063c0000, 0x0a350000)
  eden space 17920K, 100% used [0x04e00000, 0x05f80000, 0x05f80000)
  from space 2176K,  53% used [0x061a0000, 0x062c49e0, 0x063c0000)
  to   space 2176K,   0% used [0x05f80000, 0x05f80000, 0x061a0000)
 tenured generation   total 44476K, used 36727K [0x0a350000, 0x0cebf000, 0x14e00000)
   the space 44476K,  82% used [0x0a350000, 0x0c72dca0, 0x0c72de00, 0x0cebf000)
 Metaspace       used 34797K, capacity 35082K, committed 35328K, reserved 36224K
Event: 73.569 GC heap after
Heap after GC invocations=127 (full 4):
 def new generation   total 20096K, used 3K [0x04e00000, 0x063c0000, 0x0a350000)
  eden space 17920K,   0% used [0x04e00000, 0x04e00000, 0x05f80000)
  from space 2176K,   0% used [0x05f80000, 0x05f80d50, 0x061a0000)
  to   space 2176K,   0% used [0x061a0000, 0x061a0000, 0x063c0000)
 tenured generation   total 44476K, used 37849K [0x0a350000, 0x0cebf000, 0x14e00000)
   the space 44476K,  85% used [0x0a350000, 0x0c846758, 0x0c846800, 0x0cebf000)
 Metaspace       used 34797K, capacity 35082K, committed 35328K, reserved 36224K
}
Event: 73.611 GC heap before
{Heap before GC invocations=127 (full 4):
 def new generation   total 20096K, used 17923K [0x04e00000, 0x063c0000, 0x0a350000)
  eden space 17920K, 100% used [0x04e00000, 0x05f80000, 0x05f80000)
  from space 2176K,   0% used [0x05f80000, 0x05f80d50, 0x061a0000)
  to   space 2176K,   0% used [0x061a0000, 0x061a0000, 0x063c0000)
 tenured generation   total 44476K, used 37849K [0x0a350000, 0x0cebf000, 0x14e00000)
   the space 44476K,  85% used [0x0a350000, 0x0c846758, 0x0c846800, 0x0cebf000)
 Metaspace       used 34797K, capacity 35082K, committed 35328K, reserved 36224K
Event: 73.613 GC heap after
Heap after GC invocations=128 (full 4):
 def new generation   total 20096K, used 4K [0x04e00000, 0x063c0000, 0x0a350000)
  eden space 17920K,   0% used [0x04e00000, 0x04e00000, 0x05f80000)
  from space 2176K,   0% used [0x061a0000, 0x061a1198, 0x063c0000)
  to   space 2176K,   0% used [0x05f80000, 0x05f80000, 0x061a0000)
 tenured generation   total 44476K, used 37849K [0x0a350000, 0x0cebf000, 0x14e00000)
   the space 44476K,  85% used [0x0a350000, 0x0c846758, 0x0c846800, 0x0cebf000)
 Metaspace       used 34797K, capacity 35082K, committed 35328K, reserved 36224K
}

