# JRE version: Java(TM) SE Runtime Environment (8.0_66-b17) (build 1.8.0_66-b17)
# Java VM: Java HotSpot(TM) Client VM (25.66-b17 mixed mode windows-x86 )
Heap:
 def new generation   total 19584K, used 10939K [0x05200000, 0x06740000, 0x0a750000)
  eden space 17408K,  50% used [0x05200000, 0x05a8ef70, 0x06300000)
  from space 2176K, 100% used [0x06520000, 0x06740000, 0x06740000)
  to   space 2176K,   0% used [0x06300000, 0x06300000, 0x06520000)
 tenured generation   total 43452K, used 32489K [0x0a750000, 0x0d1bf000, 0x15200000)
   the space 43452K,  74% used [0x0a750000, 0x0c70a758, 0x0c70a800, 0x0d1bf000)
 Metaspace       used 32769K, capacity 33079K, committed 33280K, reserved 34176K
GC Heap History (10 events):
Event: 8.822 GC heap before
{Heap before GC invocations=116 (full 4):
 def new generation   total 19584K, used 18755K [0x05200000, 0x06740000, 0x0a750000)
  eden space 17408K, 100% used [0x05200000, 0x06300000, 0x06300000)
  from space 2176K,  61% used [0x06300000, 0x06450d88, 0x06520000)
  to   space 2176K,   0% used [0x06520000, 0x06520000, 0x06740000)
 tenured generation   total 43452K, used 27645K [0x0a750000, 0x0d1bf000, 0x15200000)
   the space 43452K,  63% used [0x0a750000, 0x0c24f458, 0x0c24f600, 0x0d1bf000)
 Metaspace       used 29287K, capacity 29573K, committed 29824K, reserved 30080K
Event: 8.827 GC heap after
Heap after GC invocations=117 (full 4):
 def new generation   total 19584K, used 1100K [0x05200000, 0x06740000, 0x0a750000)
  eden space 17408K,   0% used [0x05200000, 0x05200000, 0x06300000)
  from space 2176K,  50% used [0x06520000, 0x06633248, 0x06740000)
  to   space 2176K,   0% used [0x06300000, 0x06300000, 0x06520000)
 tenured generation   total 43452K, used 28203K [0x0a750000, 0x0d1bf000, 0x15200000)
   the space 43452K,  64% used [0x0a750000, 0x0c2dadc8, 0x0c2dae00, 0x0d1bf000)
 Metaspace       used 29287K, capacity 29573K, committed 29824K, reserved 30080K
}
Event: 24.820 GC heap before
{Heap before GC invocations=117 (full 4):
 def new generation   total 19584K, used 18508K [0x05200000, 0x06740000, 0x0a750000)
  eden space 17408K, 100% used [0x05200000, 0x06300000, 0x06300000)
  from space 2176K,  50% used [0x06520000, 0x06633248, 0x06740000)
  to   space 2176K,   0% used [0x06300000, 0x06300000, 0x06520000)
 tenured generation   total 43452K, used 28203K [0x0a750000, 0x0d1bf000, 0x15200000)
   the space 43452K,  64% used [0x0a750000, 0x0c2dadc8, 0x0c2dae00, 0x0d1bf000)
 Metaspace       used 29890K, capacity 30213K, committed 30464K, reserved 31104K
Event: 24.826 GC heap after
Heap after GC invocations=118 (full 4):
 def new generation   total 19584K, used 1543K [0x05200000, 0x06740000, 0x0a750000)
  eden space 17408K,   0% used [0x05200000, 0x05200000, 0x06300000)
  from space 2176K,  70% used [0x06300000, 0x06481c30, 0x06520000)
  to   space 2176K,   0% used [0x06520000, 0x06520000, 0x06740000)
 tenured generation   total 43452K, used 28901K [0x0a750000, 0x0d1bf000, 0x15200000)
   the space 43452K,  66% used [0x0a750000, 0x0c389520, 0x0c389600, 0x0d1bf000)
 Metaspace       used 29890K, capacity 30213K, committed 30464K, reserved 31104K
}
Event: 25.012 GC heap before
{Heap before GC invocations=118 (full 4):
 def new generation   total 19584K, used 18951K [0x05200000, 0x06740000, 0x0a750000)
  eden space 17408K, 100% used [0x05200000, 0x06300000, 0x06300000)
  from space 2176K,  70% used [0x06300000, 0x06481c30, 0x06520000)
  to   space 2176K,   0% used [0x06520000, 0x06520000, 0x06740000)
 tenured generation   total 43452K, used 28901K [0x0a750000, 0x0d1bf000, 0x15200000)
   the space 43452K,  66% used [0x0a750000, 0x0c389520, 0x0c389600, 0x0d1bf000)
 Metaspace       used 30816K, capacity 31141K, committed 31360K, reserved 32128K
Event: 25.020 GC heap after
Heap after GC invocations=119 (full 4):
 def new generation   total 19584K, used 1478K [0x05200000, 0x06740000, 0x0a750000)
  eden space 17408K,   0% used [0x05200000, 0x05200000, 0x06300000)
  from space 2176K,  67% used [0x06520000, 0x06691810, 0x06740000)
  to   space 2176K,   0% used [0x06300000, 0x06300000, 0x06520000)
 tenured generation   total 43452K, used 30003K [0x0a750000, 0x0d1bf000, 0x15200000)
   the space 43452K,  69% used [0x0a750000, 0x0c49cef0, 0x0c49d000, 0x0d1bf000)
 Metaspace       used 30816K, capacity 31141K, committed 31360K, reserved 32128K
}
Event: 25.494 GC heap before
{Heap before GC invocations=119 (full 4):
 def new generation   total 19584K, used 18886K [0x05200000, 0x06740000, 0x0a750000)
  eden space 17408K, 100% used [0x05200000, 0x06300000, 0x06300000)
  from space 2176K,  67% used [0x06520000, 0x06691810, 0x06740000)
  to   space 2176K,   0% used [0x06300000, 0x06300000, 0x06520000)
 tenured generation   total 43452K, used 30003K [0x0a750000, 0x0d1bf000, 0x15200000)
   the space 43452K,  69% used [0x0a750000, 0x0c49cef0, 0x0c49d000, 0x0d1bf000)
 Metaspace       used 32530K, capacity 32837K, committed 33024K, reserved 33152K
Event: 25.499 GC heap after
Heap after GC invocations=120 (full 4):
 def new generation   total 19584K, used 1781K [0x05200000, 0x06740000, 0x0a750000)
  eden space 17408K,   0% used [0x05200000, 0x05200000, 0x06300000)
  from space 2176K,  81% used [0x06300000, 0x064bd7f0, 0x06520000)
  to   space 2176K,   0% used [0x06520000, 0x06520000, 0x06740000)
 tenured generation   total 43452K, used 30360K [0x0a750000, 0x0d1bf000, 0x15200000)
   the space 43452K,  69% used [0x0a750000, 0x0c4f6220, 0x0c4f6400, 0x0d1bf000)
 Metaspace       used 32530K, capacity 32837K, committed 33024K, reserved 33152K
}
Event: 25.758 GC heap before
{Heap before GC invocations=120 (full 4):
 def new generation   total 19584K, used 19189K [0x05200000, 0x06740000, 0x0a750000)
  eden space 17408K, 100% used [0x05200000, 0x06300000, 0x06300000)
  from space 2176K,  81% used [0x06300000, 0x064bd7f0, 0x06520000)
  to   space 2176K,   0% used [0x06520000, 0x06520000, 0x06740000)
 tenured generation   total 43452K, used 30360K [0x0a750000, 0x0d1bf000, 0x15200000)
   the space 43452K,  69% used [0x0a750000, 0x0c4f6220, 0x0c4f6400, 0x0d1bf000)
 Metaspace       used 32692K, capacity 32980K, committed 33152K, reserved 33152K
Event: 25.770 GC heap after
Heap after GC invocations=121 (full 4):
 def new generation   total 19584K, used 2176K [0x05200000, 0x06740000, 0x0a750000)
  eden space 17408K,   0% used [0x05200000, 0x05200000, 0x06300000)
  from space 2176K, 100% used [0x06520000, 0x06740000, 0x06740000)
  to   space 2176K,   0% used [0x06300000, 0x06300000, 0x06520000)
 tenured generation   total 43452K, used 32489K [0x0a750000, 0x0d1bf000, 0x15200000)
   the space 43452K,  74% used [0x0a750000, 0x0c70a758, 0x0c70a800, 0x0d1bf000)
 Metaspace       used 32692K, capacity 32980K, committed 33152K, reserved 33152K
}

