# JRE version: Java(TM) SE Runtime Environment (8.0_66-b17) (build 1.8.0_66-b17)
# Java VM: Java HotSpot(TM) Client VM (25.66-b17 mixed mode windows-x86 )
Heap:
 def new generation   total 20096K, used 9493K [0x05600000, 0x06bc0000, 0x0ab50000)
  eden space 17920K,  52% used [0x05600000, 0x05f42fa8, 0x06780000)
  from space 2176K,   0% used [0x06780000, 0x067826b8, 0x069a0000)
  to   space 2176K,   0% used [0x069a0000, 0x069a0000, 0x06bc0000)
 tenured generation   total 44416K, used 40571K [0x0ab50000, 0x0d6b0000, 0x15600000)
   the space 44416K,  91% used [0x0ab50000, 0x0d2eecd0, 0x0d2eee00, 0x0d6b0000)
 Metaspace       used 34788K, capacity 35097K, committed 35328K, reserved 36224K
GC Heap History (10 events):
Event: 23.430 GC heap before
{Heap before GC invocations=124 (full 4):
 def new generation   total 20096K, used 20096K [0x05600000, 0x06bc0000, 0x0ab50000)
  eden space 17920K, 100% used [0x05600000, 0x06780000, 0x06780000)
  from space 2176K, 100% used [0x069a0000, 0x06bc0000, 0x06bc0000)
  to   space 2176K,   0% used [0x06780000, 0x06780000, 0x069a0000)
 tenured generation   total 44416K, used 33153K [0x0ab50000, 0x0d6b0000, 0x15600000)
   the space 44416K,  74% used [0x0ab50000, 0x0cbb05b8, 0x0cbb0600, 0x0d6b0000)
 Metaspace       used 34489K, capacity 34777K, committed 35072K, reserved 35200K
Event: 23.437 GC heap after
Heap after GC invocations=125 (full 4):
 def new generation   total 20096K, used 2131K [0x05600000, 0x06bc0000, 0x0ab50000)
  eden space 17920K,   0% used [0x05600000, 0x05600000, 0x06780000)
  from space 2176K,  97% used [0x06780000, 0x06994fe8, 0x069a0000)
  to   space 2176K,   0% used [0x069a0000, 0x069a0000, 0x06bc0000)
 tenured generation   total 44416K, used 35275K [0x0ab50000, 0x0d6b0000, 0x15600000)
   the space 44416K,  79% used [0x0ab50000, 0x0cdc2d68, 0x0cdc2e00, 0x0d6b0000)
 Metaspace       used 34489K, capacity 34777K, committed 35072K, reserved 35200K
}
Event: 25.291 GC heap before
{Heap before GC invocations=125 (full 4):
 def new generation   total 20096K, used 20051K [0x05600000, 0x06bc0000, 0x0ab50000)
  eden space 17920K, 100% used [0x05600000, 0x06780000, 0x06780000)
  from space 2176K,  97% used [0x06780000, 0x06994fe8, 0x069a0000)
  to   space 2176K,   0% used [0x069a0000, 0x069a0000, 0x06bc0000)
 tenured generation   total 44416K, used 35275K [0x0ab50000, 0x0d6b0000, 0x15600000)
   the space 44416K,  79% used [0x0ab50000, 0x0cdc2d68, 0x0cdc2e00, 0x0d6b0000)
 Metaspace       used 34748K, capacity 35065K, committed 35328K, reserved 36224K
Event: 25.303 GC heap after
Heap after GC invocations=126 (full 4):
 def new generation   total 20096K, used 2176K [0x05600000, 0x06bc0000, 0x0ab50000)
  eden space 17920K,   0% used [0x05600000, 0x05600000, 0x06780000)
  from space 2176K, 100% used [0x069a0000, 0x06bc0000, 0x06bc0000)
  to   space 2176K,   0% used [0x06780000, 0x06780000, 0x069a0000)
 tenured generation   total 44416K, used 37821K [0x0ab50000, 0x0d6b0000, 0x15600000)
   the space 44416K,  85% used [0x0ab50000, 0x0d03f5f8, 0x0d03f600, 0x0d6b0000)
 Metaspace       used 34748K, capacity 35065K, committed 35328K, reserved 36224K
}
Event: 1137.259 GC heap before
{Heap before GC invocations=126 (full 4):
 def new generation   total 20096K, used 20096K [0x05600000, 0x06bc0000, 0x0ab50000)
  eden space 17920K, 100% used [0x05600000, 0x06780000, 0x06780000)
  from space 2176K, 100% used [0x069a0000, 0x06bc0000, 0x06bc0000)
  to   space 2176K,   0% used [0x06780000, 0x06780000, 0x069a0000)
 tenured generation   total 44416K, used 37821K [0x0ab50000, 0x0d6b0000, 0x15600000)
   the space 44416K,  85% used [0x0ab50000, 0x0d03f5f8, 0x0d03f600, 0x0d6b0000)
 Metaspace       used 34780K, capacity 35065K, committed 35328K, reserved 36224K
Event: 1137.270 GC heap after
Heap after GC invocations=127 (full 4):
 def new generation   total 20096K, used 1551K [0x05600000, 0x06bc0000, 0x0ab50000)
  eden space 17920K,   0% used [0x05600000, 0x05600000, 0x06780000)
  from space 2176K,  71% used [0x06780000, 0x06903c48, 0x069a0000)
  to   space 2176K,   0% used [0x069a0000, 0x069a0000, 0x06bc0000)
 tenured generation   total 44416K, used 39050K [0x0ab50000, 0x0d6b0000, 0x15600000)
   the space 44416K,  87% used [0x0ab50000, 0x0d1729c0, 0x0d172a00, 0x0d6b0000)
 Metaspace       used 34780K, capacity 35065K, committed 35328K, reserved 36224K
}
Event: 1137.325 GC heap before
{Heap before GC invocations=127 (full 4):
 def new generation   total 20096K, used 19471K [0x05600000, 0x06bc0000, 0x0ab50000)
  eden space 17920K, 100% used [0x05600000, 0x06780000, 0x06780000)
  from space 2176K,  71% used [0x06780000, 0x06903c48, 0x069a0000)
  to   space 2176K,   0% used [0x069a0000, 0x069a0000, 0x06bc0000)
 tenured generation   total 44416K, used 39050K [0x0ab50000, 0x0d6b0000, 0x15600000)
   the space 44416K,  87% used [0x0ab50000, 0x0d1729c0, 0x0d172a00, 0x0d6b0000)
 Metaspace       used 34780K, capacity 35065K, committed 35328K, reserved 36224K
Event: 1137.330 GC heap after
Heap after GC invocations=128 (full 4):
 def new generation   total 20096K, used 3K [0x05600000, 0x06bc0000, 0x0ab50000)
  eden space 17920K,   0% used [0x05600000, 0x05600000, 0x06780000)
  from space 2176K,   0% used [0x069a0000, 0x069a0ee8, 0x06bc0000)
  to   space 2176K,   0% used [0x06780000, 0x06780000, 0x069a0000)
 tenured generation   total 44416K, used 40571K [0x0ab50000, 0x0d6b0000, 0x15600000)
   the space 44416K,  91% used [0x0ab50000, 0x0d2eecd0, 0x0d2eee00, 0x0d6b0000)
 Metaspace       used 34780K, capacity 35065K, committed 35328K, reserved 36224K
}
Event: 1137.446 GC heap before
{Heap before GC invocations=128 (full 4):
 def new generation   total 20096K, used 17923K [0x05600000, 0x06bc0000, 0x0ab50000)
  eden space 17920K, 100% used [0x05600000, 0x06780000, 0x06780000)
  from space 2176K,   0% used [0x069a0000, 0x069a0ee8, 0x06bc0000)
  to   space 2176K,   0% used [0x06780000, 0x06780000, 0x069a0000)
 tenured generation   total 44416K, used 40571K [0x0ab50000, 0x0d6b0000, 0x15600000)
   the space 44416K,  91% used [0x0ab50000, 0x0d2eecd0, 0x0d2eee00, 0x0d6b0000)
 Metaspace       used 34784K, capacity 35097K, committed 35328K, reserved 36224K
Event: 1137.450 GC heap after
Heap after GC invocations=129 (full 4):
 def new generation   total 20096K, used 9K [0x05600000, 0x06bc0000, 0x0ab50000)
  eden space 17920K,   0% used [0x05600000, 0x05600000, 0x06780000)
  from space 2176K,   0% used [0x06780000, 0x067826b8, 0x069a0000)
  to   space 2176K,   0% used [0x069a0000, 0x069a0000, 0x06bc0000)
 tenured generation   total 44416K, used 40571K [0x0ab50000, 0x0d6b0000, 0x15600000)
   the space 44416K,  91% used [0x0ab50000, 0x0d2eecd0, 0x0d2eee00, 0x0d6b0000)
 Metaspace       used 34784K, capacity 35097K, committed 35328K, reserved 36224K
}

