# JRE version: Java(TM) SE Runtime Environment (8.0_66-b17) (build 1.8.0_66-b17)
# Java VM: Java HotSpot(TM) Client VM (25.66-b17 mixed mode windows-x86 )
Heap:
 def new generation   total 16704K, used 6800K [0x05200000, 0x06420000, 0x0a750000)
  eden space 14848K,  33% used [0x05200000, 0x056d4128, 0x06080000)
  from space 1856K,  99% used [0x06080000, 0x0624fff8, 0x06250000)
  to   space 1856K,   0% used [0x06250000, 0x06250000, 0x06420000)
 tenured generation   total 36980K, used 26987K [0x0a750000, 0x0cb6d000, 0x15200000)
   the space 36980K,  72% used [0x0a750000, 0x0c1aaef8, 0x0c1ab000, 0x0cb6d000)
 Metaspace       used 29274K, capacity 29550K, committed 29696K, reserved 30080K
GC Heap History (10 events):
Event: 10.529 GC heap before
{Heap before GC invocations=90 (full 3):
 def new generation   total 12416K, used 12383K [0x05200000, 0x05f70000, 0x0a750000)
  eden space 11072K, 100% used [0x05200000, 0x05cd0000, 0x05cd0000)
  from space 1344K,  97% used [0x05cd0000, 0x05e17d48, 0x05e20000)
  to   space 1344K,   0% used [0x05e20000, 0x05e20000, 0x05f70000)
 tenured generation   total 27480K, used 27371K [0x0a750000, 0x0c226000, 0x15200000)
   the space 27480K,  99% used [0x0a750000, 0x0c20afb0, 0x0c20b000, 0x0c226000)
 Metaspace       used 24111K, capacity 24399K, committed 24576K, reserved 24960K
Event: 10.601 GC heap after
Heap after GC invocations=91 (full 4):
 def new generation   total 16704K, used 0K [0x05200000, 0x06420000, 0x0a750000)
  eden space 14848K,   0% used [0x05200000, 0x05200000, 0x06080000)
  from space 1856K,   0% used [0x06080000, 0x06080000, 0x06250000)
  to   space 1856K,   0% used [0x06250000, 0x06250000, 0x06420000)
 tenured generation   total 36980K, used 22186K [0x0a750000, 0x0cb6d000, 0x15200000)
   the space 36980K,  59% used [0x0a750000, 0x0bcfabf0, 0x0bcfac00, 0x0cb6d000)
 Metaspace       used 24089K, capacity 24362K, committed 24576K, reserved 24960K
}
Event: 10.754 GC heap before
{Heap before GC invocations=91 (full 4):
 def new generation   total 16704K, used 14848K [0x05200000, 0x06420000, 0x0a750000)
  eden space 14848K, 100% used [0x05200000, 0x06080000, 0x06080000)
  from space 1856K,   0% used [0x06080000, 0x06080000, 0x06250000)
  to   space 1856K,   0% used [0x06250000, 0x06250000, 0x06420000)
 tenured generation   total 36980K, used 22186K [0x0a750000, 0x0cb6d000, 0x15200000)
   the space 36980K,  59% used [0x0a750000, 0x0bcfabf0, 0x0bcfac00, 0x0cb6d000)
 Metaspace       used 24575K, capacity 24844K, committed 25088K, reserved 25984K
Event: 10.759 GC heap after
Heap after GC invocations=92 (full 4):
 def new generation   total 16704K, used 1350K [0x05200000, 0x06420000, 0x0a750000)
  eden space 14848K,   0% used [0x05200000, 0x05200000, 0x06080000)
  from space 1856K,  72% used [0x06250000, 0x063a1840, 0x06420000)
  to   space 1856K,   0% used [0x06080000, 0x06080000, 0x06250000)
 tenured generation   total 36980K, used 22186K [0x0a750000, 0x0cb6d000, 0x15200000)
   the space 36980K,  59% used [0x0a750000, 0x0bcfabf0, 0x0bcfac00, 0x0cb6d000)
 Metaspace       used 24575K, capacity 24844K, committed 25088K, reserved 25984K
}
Event: 10.927 GC heap before
{Heap before GC invocations=92 (full 4):
 def new generation   total 16704K, used 16196K [0x05200000, 0x06420000, 0x0a750000)
  eden space 14848K,  99% used [0x05200000, 0x0607fa60, 0x06080000)
  from space 1856K,  72% used [0x06250000, 0x063a1840, 0x06420000)
  to   space 1856K,   0% used [0x06080000, 0x06080000, 0x06250000)
 tenured generation   total 36980K, used 22186K [0x0a750000, 0x0cb6d000, 0x15200000)
   the space 36980K,  59% used [0x0a750000, 0x0bcfabf0, 0x0bcfac00, 0x0cb6d000)
 Metaspace       used 25371K, capacity 25644K, committed 25856K, reserved 25984K
Event: 10.933 GC heap after
Heap after GC invocations=93 (full 4):
 def new generation   total 16704K, used 1856K [0x05200000, 0x06420000, 0x0a750000)
  eden space 14848K,   0% used [0x05200000, 0x05200000, 0x06080000)
  from space 1856K, 100% used [0x06080000, 0x06250000, 0x06250000)
  to   space 1856K,   0% used [0x06250000, 0x06250000, 0x06420000)
 tenured generation   total 36980K, used 23743K [0x0a750000, 0x0cb6d000, 0x15200000)
   the space 36980K,  64% used [0x0a750000, 0x0be7fff8, 0x0be80000, 0x0cb6d000)
 Metaspace       used 25371K, capacity 25644K, committed 25856K, reserved 25984K
}
Event: 12.633 GC heap before
{Heap before GC invocations=93 (full 4):
 def new generation   total 16704K, used 16704K [0x05200000, 0x06420000, 0x0a750000)
  eden space 14848K, 100% used [0x05200000, 0x06080000, 0x06080000)
  from space 1856K, 100% used [0x06080000, 0x06250000, 0x06250000)
  to   space 1856K,   0% used [0x06250000, 0x06250000, 0x06420000)
 tenured generation   total 36980K, used 23743K [0x0a750000, 0x0cb6d000, 0x15200000)
   the space 36980K,  64% used [0x0a750000, 0x0be7fff8, 0x0be80000, 0x0cb6d000)
 Metaspace       used 26543K, capacity 26828K, committed 27008K, reserved 27008K
Event: 12.640 GC heap after
Heap after GC invocations=94 (full 4):
 def new generation   total 16704K, used 1856K [0x05200000, 0x06420000, 0x0a750000)
  eden space 14848K,   0% used [0x05200000, 0x05200000, 0x06080000)
  from space 1856K, 100% used [0x06250000, 0x06420000, 0x06420000)
  to   space 1856K,   0% used [0x06080000, 0x06080000, 0x06250000)
 tenured generation   total 36980K, used 25578K [0x0a750000, 0x0cb6d000, 0x15200000)
   the space 36980K,  69% used [0x0a750000, 0x0c04aa30, 0x0c04ac00, 0x0cb6d000)
 Metaspace       used 26543K, capacity 26828K, committed 27008K, reserved 27008K
}
Event: 12.846 GC heap before
{Heap before GC invocations=94 (full 4):
 def new generation   total 16704K, used 16666K [0x05200000, 0x06420000, 0x0a750000)
  eden space 14848K,  99% used [0x05200000, 0x06076a28, 0x06080000)
  from space 1856K, 100% used [0x06250000, 0x06420000, 0x06420000)
  to   space 1856K,   0% used [0x06080000, 0x06080000, 0x06250000)
 tenured generation   total 36980K, used 25578K [0x0a750000, 0x0cb6d000, 0x15200000)
   the space 36980K,  69% used [0x0a750000, 0x0c04aa30, 0x0c04ac00, 0x0cb6d000)
 Metaspace       used 28552K, capacity 28846K, committed 29056K, reserved 29056K
Event: 12.851 GC heap after
Heap after GC invocations=95 (full 4):
 def new generation   total 16704K, used 1855K [0x05200000, 0x06420000, 0x0a750000)
  eden space 14848K,   0% used [0x05200000, 0x05200000, 0x06080000)
  from space 1856K,  99% used [0x06080000, 0x0624fff8, 0x06250000)
  to   space 1856K,   0% used [0x06250000, 0x06250000, 0x06420000)
 tenured generation   total 36980K, used 26987K [0x0a750000, 0x0cb6d000, 0x15200000)
   the space 36980K,  72% used [0x0a750000, 0x0c1aaef8, 0x0c1ab000, 0x0cb6d000)
 Metaspace       used 28552K, capacity 28846K, committed 29056K, reserved 29056K
}

