# JRE version: Java(TM) SE Runtime Environment (8.0_66-b17) (build 1.8.0_66-b17)
# Java VM: Java HotSpot(TM) Client VM (25.66-b17 mixed mode windows-x86 )
Heap:
 def new generation   total 14528K, used 7107K [0x05200000, 0x061c0000, 0x0a750000)
  eden space 12928K,  42% used [0x05200000, 0x05760ec0, 0x05ea0000)
  from space 1600K,  99% used [0x06030000, 0x061bfff8, 0x061c0000)
  to   space 1600K,   0% used [0x05ea0000, 0x05ea0000, 0x06030000)
 tenured generation   total 32228K, used 28686K [0x0a750000, 0x0c6c9000, 0x15200000)
   the space 32228K,  89% used [0x0a750000, 0x0c353948, 0x0c353a00, 0x0c6c9000)
 Metaspace       used 29384K, capacity 29655K, committed 29952K, reserved 30080K
GC Heap History (10 events):
Event: 40.042 GC heap before
{Heap before GC invocations=91 (full 4):
 def new generation   total 14528K, used 14528K [0x05200000, 0x061c0000, 0x0a750000)
  eden space 12928K, 100% used [0x05200000, 0x05ea0000, 0x05ea0000)
  from space 1600K, 100% used [0x05ea0000, 0x06030000, 0x06030000)
  to   space 1600K,   0% used [0x06030000, 0x06030000, 0x061c0000)
 tenured generation   total 32228K, used 20436K [0x0a750000, 0x0c6c9000, 0x15200000)
   the space 32228K,  63% used [0x0a750000, 0x0bb45090, 0x0bb45200, 0x0c6c9000)
 Metaspace       used 25639K, capacity 25862K, committed 26240K, reserved 27008K
Event: 40.048 GC heap after
Heap after GC invocations=92 (full 4):
 def new generation   total 14528K, used 1599K [0x05200000, 0x061c0000, 0x0a750000)
  eden space 12928K,   0% used [0x05200000, 0x05200000, 0x05ea0000)
  from space 1600K,  99% used [0x06030000, 0x061bfff8, 0x061c0000)
  to   space 1600K,   0% used [0x05ea0000, 0x05ea0000, 0x06030000)
 tenured generation   total 32228K, used 22288K [0x0a750000, 0x0c6c9000, 0x15200000)
   the space 32228K,  69% used [0x0a750000, 0x0bd14338, 0x0bd14400, 0x0c6c9000)
 Metaspace       used 25639K, capacity 25862K, committed 26240K, reserved 27008K
}
Event: 43.930 GC heap before
{Heap before GC invocations=92 (full 4):
 def new generation   total 14528K, used 14527K [0x05200000, 0x061c0000, 0x0a750000)
  eden space 12928K, 100% used [0x05200000, 0x05ea0000, 0x05ea0000)
  from space 1600K,  99% used [0x06030000, 0x061bfff8, 0x061c0000)
  to   space 1600K,   0% used [0x05ea0000, 0x05ea0000, 0x06030000)
 tenured generation   total 32228K, used 22288K [0x0a750000, 0x0c6c9000, 0x15200000)
   the space 32228K,  69% used [0x0a750000, 0x0bd14338, 0x0bd14400, 0x0c6c9000)
 Metaspace       used 26539K, capacity 26790K, committed 27136K, reserved 28032K
Event: 43.937 GC heap after
Heap after GC invocations=93 (full 4):
 def new generation   total 14528K, used 1599K [0x05200000, 0x061c0000, 0x0a750000)
  eden space 12928K,   0% used [0x05200000, 0x05200000, 0x05ea0000)
  from space 1600K,  99% used [0x05ea0000, 0x0602ff90, 0x06030000)
  to   space 1600K,   0% used [0x06030000, 0x06030000, 0x061c0000)
 tenured generation   total 32228K, used 23064K [0x0a750000, 0x0c6c9000, 0x15200000)
   the space 32228K,  71% used [0x0a750000, 0x0bdd6120, 0x0bdd6200, 0x0c6c9000)
 Metaspace       used 26539K, capacity 26790K, committed 27136K, reserved 28032K
}
Event: 44.115 GC heap before
{Heap before GC invocations=93 (full 4):
 def new generation   total 14528K, used 14493K [0x05200000, 0x061c0000, 0x0a750000)
  eden space 12928K,  99% used [0x05200000, 0x05e97648, 0x05ea0000)
  from space 1600K,  99% used [0x05ea0000, 0x0602ff90, 0x06030000)
  to   space 1600K,   0% used [0x06030000, 0x06030000, 0x061c0000)
 tenured generation   total 32228K, used 23064K [0x0a750000, 0x0c6c9000, 0x15200000)
   the space 32228K,  71% used [0x0a750000, 0x0bdd6120, 0x0bdd6200, 0x0c6c9000)
 Metaspace       used 28251K, capacity 28520K, committed 28928K, reserved 29056K
Event: 44.120 GC heap after
Heap after GC invocations=94 (full 4):
 def new generation   total 14528K, used 1599K [0x05200000, 0x061c0000, 0x0a750000)
  eden space 12928K,   0% used [0x05200000, 0x05200000, 0x05ea0000)
  from space 1600K,  99% used [0x06030000, 0x061bfff8, 0x061c0000)
  to   space 1600K,   0% used [0x05ea0000, 0x05ea0000, 0x06030000)
 tenured generation   total 32228K, used 24147K [0x0a750000, 0x0c6c9000, 0x15200000)
   the space 32228K,  74% used [0x0a750000, 0x0bee4e10, 0x0bee5000, 0x0c6c9000)
 Metaspace       used 28251K, capacity 28520K, committed 28928K, reserved 29056K
}
Event: 44.269 GC heap before
{Heap before GC invocations=94 (full 4):
 def new generation   total 14528K, used 14527K [0x05200000, 0x061c0000, 0x0a750000)
  eden space 12928K, 100% used [0x05200000, 0x05ea0000, 0x05ea0000)
  from space 1600K,  99% used [0x06030000, 0x061bfff8, 0x061c0000)
  to   space 1600K,   0% used [0x05ea0000, 0x05ea0000, 0x06030000)
 tenured generation   total 32228K, used 24147K [0x0a750000, 0x0c6c9000, 0x15200000)
   the space 32228K,  74% used [0x0a750000, 0x0bee4e10, 0x0bee5000, 0x0c6c9000)
 Metaspace       used 29328K, capacity 29591K, committed 29952K, reserved 30080K
Event: 44.275 GC heap after
Heap after GC invocations=95 (full 4):
 def new generation   total 14528K, used 1600K [0x05200000, 0x061c0000, 0x0a750000)
  eden space 12928K,   0% used [0x05200000, 0x05200000, 0x05ea0000)
  from space 1600K, 100% used [0x05ea0000, 0x06030000, 0x06030000)
  to   space 1600K,   0% used [0x06030000, 0x06030000, 0x061c0000)
 tenured generation   total 32228K, used 27048K [0x0a750000, 0x0c6c9000, 0x15200000)
   the space 32228K,  83% used [0x0a750000, 0x0c1ba0b8, 0x0c1ba200, 0x0c6c9000)
 Metaspace       used 29328K, capacity 29591K, committed 29952K, reserved 30080K
}
Event: 44.343 GC heap before
{Heap before GC invocations=95 (full 4):
 def new generation   total 14528K, used 14528K [0x05200000, 0x061c0000, 0x0a750000)
  eden space 12928K, 100% used [0x05200000, 0x05ea0000, 0x05ea0000)
  from space 1600K, 100% used [0x05ea0000, 0x06030000, 0x06030000)
  to   space 1600K,   0% used [0x06030000, 0x06030000, 0x061c0000)
 tenured generation   total 32228K, used 27048K [0x0a750000, 0x0c6c9000, 0x15200000)
   the space 32228K,  83% used [0x0a750000, 0x0c1ba0b8, 0x0c1ba200, 0x0c6c9000)
 Metaspace       used 29328K, capacity 29591K, committed 29952K, reserved 30080K
Event: 44.350 GC heap after
Heap after GC invocations=96 (full 4):
 def new generation   total 14528K, used 1599K [0x05200000, 0x061c0000, 0x0a750000)
  eden space 12928K,   0% used [0x05200000, 0x05200000, 0x05ea0000)
  from space 1600K,  99% used [0x06030000, 0x061bfff8, 0x061c0000)
  to   space 1600K,   0% used [0x05ea0000, 0x05ea0000, 0x06030000)
 tenured generation   total 32228K, used 28686K [0x0a750000, 0x0c6c9000, 0x15200000)
   the space 32228K,  89% used [0x0a750000, 0x0c353948, 0x0c353a00, 0x0c6c9000)
 Metaspace       used 29328K, capacity 29591K, committed 29952K, reserved 30080K
}

