# JRE version: Java(TM) SE Runtime Environment (8.0_66-b17) (build 1.8.0_66-b17)
# Java VM: Java HotSpot(TM) Client VM (25.66-b17 mixed mode windows-x86 )
Heap:
 def new generation   total 18880K, used 3348K [0x05400000, 0x06870000, 0x0a950000)
  eden space 16832K,  19% used [0x05400000, 0x05728880, 0x06470000)
  from space 2048K,   5% used [0x06670000, 0x0668c7e0, 0x06870000)
  to   space 2048K,   0% used [0x06470000, 0x06470000, 0x06670000)
 tenured generation   total 41732K, used 33469K [0x0a950000, 0x0d211000, 0x15400000)
   the space 41732K,  80% used [0x0a950000, 0x0c9ff6e8, 0x0c9ff800, 0x0d211000)
 Metaspace       used 34278K, capacity 34581K, committed 34688K, reserved 35200K
GC Heap History (10 events):
Event: 28.447 GC heap before
{Heap before GC invocations=115 (full 4):
 def new generation   total 18880K, used 18802K [0x05400000, 0x06870000, 0x0a950000)
  eden space 16832K, 100% used [0x05400000, 0x06470000, 0x06470000)
  from space 2048K,  96% used [0x06470000, 0x0665cb90, 0x06670000)
  to   space 2048K,   0% used [0x06670000, 0x06670000, 0x06870000)
 tenured generation   total 41732K, used 29779K [0x0a950000, 0x0d211000, 0x15400000)
   the space 41732K,  71% used [0x0a950000, 0x0c664e90, 0x0c665000, 0x0d211000)
 Metaspace       used 33798K, capacity 34098K, committed 34304K, reserved 35200K
Event: 28.455 GC heap after
Heap after GC invocations=116 (full 4):
 def new generation   total 18880K, used 2048K [0x05400000, 0x06870000, 0x0a950000)
  eden space 16832K,   0% used [0x05400000, 0x05400000, 0x06470000)
  from space 2048K, 100% used [0x06670000, 0x06870000, 0x06870000)
  to   space 2048K,   0% used [0x06470000, 0x06470000, 0x06670000)
 tenured generation   total 41732K, used 31614K [0x0a950000, 0x0d211000, 0x15400000)
   the space 41732K,  75% used [0x0a950000, 0x0c82f960, 0x0c82fa00, 0x0d211000)
 Metaspace       used 33798K, capacity 34098K, committed 34304K, reserved 35200K
}
Event: 56.112 GC heap before
{Heap before GC invocations=116 (full 4):
 def new generation   total 18880K, used 18182K [0x05400000, 0x06870000, 0x0a950000)
  eden space 16832K,  95% used [0x05400000, 0x063c1a90, 0x06470000)
  from space 2048K, 100% used [0x06670000, 0x06870000, 0x06870000)
  to   space 2048K,   0% used [0x06470000, 0x06470000, 0x06670000)
 tenured generation   total 41732K, used 31614K [0x0a950000, 0x0d211000, 0x15400000)
   the space 41732K,  75% used [0x0a950000, 0x0c82f960, 0x0c82fa00, 0x0d211000)
 Metaspace       used 34262K, capacity 34549K, committed 34688K, reserved 35200K
Event: 56.120 GC heap after
Heap after GC invocations=117 (full 4):
 def new generation   total 18880K, used 1054K [0x05400000, 0x06870000, 0x0a950000)
  eden space 16832K,   0% used [0x05400000, 0x05400000, 0x06470000)
  from space 2048K,  51% used [0x06470000, 0x06577848, 0x06670000)
  to   space 2048K,   0% used [0x06670000, 0x06670000, 0x06870000)
 tenured generation   total 41732K, used 33028K [0x0a950000, 0x0d211000, 0x15400000)
   the space 41732K,  79% used [0x0a950000, 0x0c9911d0, 0x0c991200, 0x0d211000)
 Metaspace       used 34262K, capacity 34549K, committed 34688K, reserved 35200K
}
Event: 145.599 GC heap before
{Heap before GC invocations=117 (full 4):
 def new generation   total 18880K, used 17274K [0x05400000, 0x06870000, 0x0a950000)
  eden space 16832K,  96% used [0x05400000, 0x063d7200, 0x06470000)
  from space 2048K,  51% used [0x06470000, 0x06577848, 0x06670000)
  to   space 2048K,   0% used [0x06670000, 0x06670000, 0x06870000)
 tenured generation   total 41732K, used 33028K [0x0a950000, 0x0d211000, 0x15400000)
   the space 41732K,  79% used [0x0a950000, 0x0c9911d0, 0x0c991200, 0x0d211000)
 Metaspace       used 34264K, capacity 34549K, committed 34688K, reserved 35200K
Event: 145.604 GC heap after
Heap after GC invocations=118 (full 4):
 def new generation   total 18880K, used 1011K [0x05400000, 0x06870000, 0x0a950000)
  eden space 16832K,   0% used [0x05400000, 0x05400000, 0x06470000)
  from space 2048K,  49% used [0x06670000, 0x0676cc38, 0x06870000)
  to   space 2048K,   0% used [0x06470000, 0x06470000, 0x06670000)
 tenured generation   total 41732K, used 33469K [0x0a950000, 0x0d211000, 0x15400000)
   the space 41732K,  80% used [0x0a950000, 0x0c9ff6e8, 0x0c9ff800, 0x0d211000)
 Metaspace       used 34264K, capacity 34549K, committed 34688K, reserved 35200K
}
Event: 2721.961 GC heap before
{Heap before GC invocations=118 (full 4):
 def new generation   total 18880K, used 17708K [0x05400000, 0x06870000, 0x0a950000)
  eden space 16832K,  99% used [0x05400000, 0x0644e3f0, 0x06470000)
  from space 2048K,  49% used [0x06670000, 0x0676cc38, 0x06870000)
  to   space 2048K,   0% used [0x06470000, 0x06470000, 0x06670000)
 tenured generation   total 41732K, used 33469K [0x0a950000, 0x0d211000, 0x15400000)
   the space 41732K,  80% used [0x0a950000, 0x0c9ff6e8, 0x0c9ff800, 0x0d211000)
 Metaspace       used 34278K, capacity 34581K, committed 34688K, reserved 35200K
Event: 2721.965 GC heap after
Heap after GC invocations=119 (full 4):
 def new generation   total 18880K, used 212K [0x05400000, 0x06870000, 0x0a950000)
  eden space 16832K,   0% used [0x05400000, 0x05400000, 0x06470000)
  from space 2048K,  10% used [0x06470000, 0x064a5198, 0x06670000)
  to   space 2048K,   0% used [0x06670000, 0x06670000, 0x06870000)
 tenured generation   total 41732K, used 33469K [0x0a950000, 0x0d211000, 0x15400000)
   the space 41732K,  80% used [0x0a950000, 0x0c9ff6e8, 0x0c9ff800, 0x0d211000)
 Metaspace       used 34278K, capacity 34581K, committed 34688K, reserved 35200K
}
Event: 3116.473 GC heap before
{Heap before GC invocations=119 (full 4):
 def new generation   total 18880K, used 16160K [0x05400000, 0x06870000, 0x0a950000)
  eden space 16832K,  94% used [0x05400000, 0x06392ea8, 0x06470000)
  from space 2048K,  10% used [0x06470000, 0x064a5198, 0x06670000)
  to   space 2048K,   0% used [0x06670000, 0x06670000, 0x06870000)
 tenured generation   total 41732K, used 33469K [0x0a950000, 0x0d211000, 0x15400000)
   the space 41732K,  80% used [0x0a950000, 0x0c9ff6e8, 0x0c9ff800, 0x0d211000)
 Metaspace       used 34278K, capacity 34581K, committed 34688K, reserved 35200K
Event: 3116.477 GC heap after
Heap after GC invocations=120 (full 4):
 def new generation   total 18880K, used 113K [0x05400000, 0x06870000, 0x0a950000)
  eden space 16832K,   0% used [0x05400000, 0x05400000, 0x06470000)
  from space 2048K,   5% used [0x06670000, 0x0668c7e0, 0x06870000)
  to   space 2048K,   0% used [0x06470000, 0x06470000, 0x06670000)
 tenured generation   total 41732K, used 33469K [0x0a950000, 0x0d211000, 0x15400000)
   the space 41732K,  80% used [0x0a950000, 0x0c9ff6e8, 0x0c9ff800, 0x0d211000)
 Metaspace       used 34278K, capacity 34581K, committed 34688K, reserved 35200K
}

