# JRE version: Java(TM) SE Runtime Environment (8.0_66-b17) (build 1.8.0_66-b17)
# Java VM: Java HotSpot(TM) Client VM (25.66-b17 mixed mode windows-x86 )
Heap:
 def new generation   total 14784K, used 9011K [0x05000000, 0x06000000, 0x0a550000)
  eden space 13184K,  56% used [0x05000000, 0x0573cc18, 0x05ce0000)
  from space 1600K,  99% used [0x05e70000, 0x05fffff8, 0x06000000)
  to   space 1600K,   0% used [0x05ce0000, 0x05ce0000, 0x05e70000)
 tenured generation   total 32644K, used 29103K [0x0a550000, 0x0c531000, 0x15000000)
   the space 32644K,  89% used [0x0a550000, 0x0c1bbf68, 0x0c1bc000, 0x0c531000)
 Metaspace       used 29722K, capacity 29989K, committed 30336K, reserved 31104K
GC Heap History (10 events):
Event: 27.541 GC heap before
{Heap before GC invocations=93 (full 4):
 def new generation   total 14784K, used 14784K [0x05000000, 0x06000000, 0x0a550000)
  eden space 13184K, 100% used [0x05000000, 0x05ce0000, 0x05ce0000)
  from space 1600K, 100% used [0x05ce0000, 0x05e70000, 0x05e70000)
  to   space 1600K,   0% used [0x05e70000, 0x05e70000, 0x06000000)
 tenured generation   total 32644K, used 20849K [0x0a550000, 0x0c531000, 0x15000000)
   the space 32644K,  63% used [0x0a550000, 0x0b9ac590, 0x0b9ac600, 0x0c531000)
 Metaspace       used 25777K, capacity 26001K, committed 26368K, reserved 27008K
Event: 27.546 GC heap after
Heap after GC invocations=94 (full 4):
 def new generation   total 14784K, used 1599K [0x05000000, 0x06000000, 0x0a550000)
  eden space 13184K,   0% used [0x05000000, 0x05000000, 0x05ce0000)
  from space 1600K,  99% used [0x05e70000, 0x05fffff8, 0x06000000)
  to   space 1600K,   0% used [0x05ce0000, 0x05ce0000, 0x05e70000)
 tenured generation   total 32644K, used 22673K [0x0a550000, 0x0c531000, 0x15000000)
   the space 32644K,  69% used [0x0a550000, 0x0bb746b0, 0x0bb74800, 0x0c531000)
 Metaspace       used 25777K, capacity 26001K, committed 26368K, reserved 27008K
}
Event: 31.234 GC heap before
{Heap before GC invocations=94 (full 4):
 def new generation   total 14784K, used 14774K [0x05000000, 0x06000000, 0x0a550000)
  eden space 13184K,  99% used [0x05000000, 0x05cdd9e8, 0x05ce0000)
  from space 1600K,  99% used [0x05e70000, 0x05fffff8, 0x06000000)
  to   space 1600K,   0% used [0x05ce0000, 0x05ce0000, 0x05e70000)
 tenured generation   total 32644K, used 22673K [0x0a550000, 0x0c531000, 0x15000000)
   the space 32644K,  69% used [0x0a550000, 0x0bb746b0, 0x0bb74800, 0x0c531000)
 Metaspace       used 26592K, capacity 26836K, committed 27136K, reserved 28032K
Event: 31.240 GC heap after
Heap after GC invocations=95 (full 4):
 def new generation   total 14784K, used 1590K [0x05000000, 0x06000000, 0x0a550000)
  eden space 13184K,   0% used [0x05000000, 0x05000000, 0x05ce0000)
  from space 1600K,  99% used [0x05ce0000, 0x05e6da38, 0x05e70000)
  to   space 1600K,   0% used [0x05e70000, 0x05e70000, 0x06000000)
 tenured generation   total 32644K, used 23575K [0x0a550000, 0x0c531000, 0x15000000)
   the space 32644K,  72% used [0x0a550000, 0x0bc55f60, 0x0bc56000, 0x0c531000)
 Metaspace       used 26592K, capacity 26836K, committed 27136K, reserved 28032K
}
Event: 31.605 GC heap before
{Heap before GC invocations=95 (full 4):
 def new generation   total 14784K, used 14761K [0x05000000, 0x06000000, 0x0a550000)
  eden space 13184K,  99% used [0x05000000, 0x05cdccf0, 0x05ce0000)
  from space 1600K,  99% used [0x05ce0000, 0x05e6da38, 0x05e70000)
  to   space 1600K,   0% used [0x05e70000, 0x05e70000, 0x06000000)
 tenured generation   total 32644K, used 23575K [0x0a550000, 0x0c531000, 0x15000000)
   the space 32644K,  72% used [0x0a550000, 0x0bc55f60, 0x0bc56000, 0x0c531000)
 Metaspace       used 28357K, capacity 28628K, committed 28928K, reserved 29056K
Event: 31.610 GC heap after
Heap after GC invocations=96 (full 4):
 def new generation   total 14784K, used 1600K [0x05000000, 0x06000000, 0x0a550000)
  eden space 13184K,   0% used [0x05000000, 0x05000000, 0x05ce0000)
  from space 1600K, 100% used [0x05e70000, 0x06000000, 0x06000000)
  to   space 1600K,   0% used [0x05ce0000, 0x05ce0000, 0x05e70000)
 tenured generation   total 32644K, used 24614K [0x0a550000, 0x0c531000, 0x15000000)
   the space 32644K,  75% used [0x0a550000, 0x0bd599d0, 0x0bd59a00, 0x0c531000)
 Metaspace       used 28357K, capacity 28628K, committed 28928K, reserved 29056K
}
Event: 31.952 GC heap before
{Heap before GC invocations=96 (full 4):
 def new generation   total 14784K, used 14784K [0x05000000, 0x06000000, 0x0a550000)
  eden space 13184K, 100% used [0x05000000, 0x05ce0000, 0x05ce0000)
  from space 1600K, 100% used [0x05e70000, 0x06000000, 0x06000000)
  to   space 1600K,   0% used [0x05ce0000, 0x05ce0000, 0x05e70000)
 tenured generation   total 32644K, used 24614K [0x0a550000, 0x0c531000, 0x15000000)
   the space 32644K,  75% used [0x0a550000, 0x0bd599d0, 0x0bd59a00, 0x0c531000)
 Metaspace       used 29664K, capacity 29925K, committed 30208K, reserved 31104K
Event: 31.959 GC heap after
Heap after GC invocations=97 (full 4):
 def new generation   total 14784K, used 1600K [0x05000000, 0x06000000, 0x0a550000)
  eden space 13184K,   0% used [0x05000000, 0x05000000, 0x05ce0000)
  from space 1600K, 100% used [0x05ce0000, 0x05e70000, 0x05e70000)
  to   space 1600K,   0% used [0x05e70000, 0x05e70000, 0x06000000)
 tenured generation   total 32644K, used 27431K [0x0a550000, 0x0c531000, 0x15000000)
   the space 32644K,  84% used [0x0a550000, 0x0c019fb8, 0x0c01a000, 0x0c531000)
 Metaspace       used 29664K, capacity 29925K, committed 30208K, reserved 31104K
}
Event: 32.035 GC heap before
{Heap before GC invocations=97 (full 4):
 def new generation   total 14784K, used 14784K [0x05000000, 0x06000000, 0x0a550000)
  eden space 13184K, 100% used [0x05000000, 0x05ce0000, 0x05ce0000)
  from space 1600K, 100% used [0x05ce0000, 0x05e70000, 0x05e70000)
  to   space 1600K,   0% used [0x05e70000, 0x05e70000, 0x06000000)
 tenured generation   total 32644K, used 27431K [0x0a550000, 0x0c531000, 0x15000000)
   the space 32644K,  84% used [0x0a550000, 0x0c019fb8, 0x0c01a000, 0x0c531000)
 Metaspace       used 29664K, capacity 29925K, committed 30208K, reserved 31104K
Event: 32.042 GC heap after
Heap after GC invocations=98 (full 4):
 def new generation   total 14784K, used 1599K [0x05000000, 0x06000000, 0x0a550000)
  eden space 13184K,   0% used [0x05000000, 0x05000000, 0x05ce0000)
  from space 1600K,  99% used [0x05e70000, 0x05fffff8, 0x06000000)
  to   space 1600K,   0% used [0x05ce0000, 0x05ce0000, 0x05e70000)
 tenured generation   total 32644K, used 29103K [0x0a550000, 0x0c531000, 0x15000000)
   the space 32644K,  89% used [0x0a550000, 0x0c1bbf68, 0x0c1bc000, 0x0c531000)
 Metaspace       used 29664K, capacity 29925K, committed 30208K, reserved 31104K
}

