# JRE version: Java(TM) SE Runtime Environment (8.0_66-b17) (build 1.8.0_66-b17)
# Java VM: Java HotSpot(TM) Client VM (25.66-b17 mixed mode, sharing windows-x86 )
Heap:
 def new generation   total 18368K, used 3206K [0x05000000, 0x063e0000, 0x0a550000)
  eden space 16384K,  18% used [0x05000000, 0x053089d0, 0x06000000)
  from space 1984K,   5% used [0x061f0000, 0x062090c0, 0x063e0000)
  to   space 1984K,   0% used [0x06000000, 0x06000000, 0x061f0000)
 tenured generation   total 40680K, used 34738K [0x0a550000, 0x0cd0a000, 0x15000000)
   the space 40680K,  85% used [0x0a550000, 0x0c73c888, 0x0c73ca00, 0x0cd0a000)
 Metaspace       used 30471K, capacity 30785K, committed 30976K, reserved 31104K
GC Heap History (10 events):
Event: 179.450 GC heap before
{Heap before GC invocations=115 (full 3):
 def new generation   total 18368K, used 17433K [0x05000000, 0x063e0000, 0x0a550000)
  eden space 16384K, 100% used [0x05000000, 0x06000000, 0x06000000)
  from space 1984K,  52% used [0x06000000, 0x06106798, 0x061f0000)
  to   space 1984K,   0% used [0x061f0000, 0x061f0000, 0x063e0000)
 tenured generation   total 40680K, used 34412K [0x0a550000, 0x0cd0a000, 0x15000000)
   the space 40680K,  84% used [0x0a550000, 0x0c6eb120, 0x0c6eb200, 0x0cd0a000)
 Metaspace       used 30465K, capacity 30783K, committed 30976K, reserved 31104K
Event: 179.456 GC heap after
Heap after GC invocations=116 (full 3):
 def new generation   total 18368K, used 410K [0x05000000, 0x063e0000, 0x0a550000)
  eden space 16384K,   0% used [0x05000000, 0x05000000, 0x06000000)
  from space 1984K,  20% used [0x061f0000, 0x06256aa8, 0x063e0000)
  to   space 1984K,   0% used [0x06000000, 0x06000000, 0x061f0000)
 tenured generation   total 40680K, used 34448K [0x0a550000, 0x0cd0a000, 0x15000000)
   the space 40680K,  84% used [0x0a550000, 0x0c6f41f0, 0x0c6f4200, 0x0cd0a000)
 Metaspace       used 30465K, capacity 30783K, committed 30976K, reserved 31104K
}
Event: 234.329 GC heap before
{Heap before GC invocations=116 (full 3):
 def new generation   total 18368K, used 16418K [0x05000000, 0x063e0000, 0x0a550000)
  eden space 16384K,  97% used [0x05000000, 0x05fa1f10, 0x06000000)
  from space 1984K,  20% used [0x061f0000, 0x06256aa8, 0x063e0000)
  to   space 1984K,   0% used [0x06000000, 0x06000000, 0x061f0000)
 tenured generation   total 40680K, used 34448K [0x0a550000, 0x0cd0a000, 0x15000000)
   the space 40680K,  84% used [0x0a550000, 0x0c6f41f0, 0x0c6f4200, 0x0cd0a000)
 Metaspace       used 30469K, capacity 30783K, committed 30976K, reserved 31104K
Event: 234.335 GC heap after
Heap after GC invocations=117 (full 3):
 def new generation   total 18368K, used 1262K [0x05000000, 0x063e0000, 0x0a550000)
  eden space 16384K,   0% used [0x05000000, 0x05000000, 0x06000000)
  from space 1984K,  63% used [0x06000000, 0x0613b878, 0x061f0000)
  to   space 1984K,   0% used [0x061f0000, 0x061f0000, 0x063e0000)
 tenured generation   total 40680K, used 34448K [0x0a550000, 0x0cd0a000, 0x15000000)
   the space 40680K,  84% used [0x0a550000, 0x0c6f41f0, 0x0c6f4200, 0x0cd0a000)
 Metaspace       used 30469K, capacity 30783K, committed 30976K, reserved 31104K
}
Event: 317.496 GC heap before
{Heap before GC invocations=117 (full 3):
 def new generation   total 18368K, used 17414K [0x05000000, 0x063e0000, 0x0a550000)
  eden space 16384K,  98% used [0x05000000, 0x05fc6048, 0x06000000)
  from space 1984K,  63% used [0x06000000, 0x0613b878, 0x061f0000)
  to   space 1984K,   0% used [0x061f0000, 0x061f0000, 0x063e0000)
 tenured generation   total 40680K, used 34448K [0x0a550000, 0x0cd0a000, 0x15000000)
   the space 40680K,  84% used [0x0a550000, 0x0c6f41f0, 0x0c6f4200, 0x0cd0a000)
 Metaspace       used 30470K, capacity 30783K, committed 30976K, reserved 31104K
Event: 317.499 GC heap after
Heap after GC invocations=118 (full 3):
 def new generation   total 18368K, used 1015K [0x05000000, 0x063e0000, 0x0a550000)
  eden space 16384K,   0% used [0x05000000, 0x05000000, 0x06000000)
  from space 1984K,  51% used [0x061f0000, 0x062edcf8, 0x063e0000)
  to   space 1984K,   0% used [0x06000000, 0x06000000, 0x061f0000)
 tenured generation   total 40680K, used 34729K [0x0a550000, 0x0cd0a000, 0x15000000)
   the space 40680K,  85% used [0x0a550000, 0x0c73a770, 0x0c73a800, 0x0cd0a000)
 Metaspace       used 30470K, capacity 30783K, committed 30976K, reserved 31104K
}
Event: 360.024 GC heap before
{Heap before GC invocations=118 (full 3):
 def new generation   total 18368K, used 17237K [0x05000000, 0x063e0000, 0x0a550000)
  eden space 16384K,  99% used [0x05000000, 0x05fd7928, 0x06000000)
  from space 1984K,  51% used [0x061f0000, 0x062edcf8, 0x063e0000)
  to   space 1984K,   0% used [0x06000000, 0x06000000, 0x061f0000)
 tenured generation   total 40680K, used 34729K [0x0a550000, 0x0cd0a000, 0x15000000)
   the space 40680K,  85% used [0x0a550000, 0x0c73a770, 0x0c73a800, 0x0cd0a000)
 Metaspace       used 30470K, capacity 30783K, committed 30976K, reserved 31104K
Event: 360.028 GC heap after
Heap after GC invocations=119 (full 3):
 def new generation   total 18368K, used 5K [0x05000000, 0x063e0000, 0x0a550000)
  eden space 16384K,   0% used [0x05000000, 0x05000000, 0x06000000)
  from space 1984K,   0% used [0x06000000, 0x060017c8, 0x061f0000)
  to   space 1984K,   0% used [0x061f0000, 0x061f0000, 0x063e0000)
 tenured generation   total 40680K, used 34738K [0x0a550000, 0x0cd0a000, 0x15000000)
   the space 40680K,  85% used [0x0a550000, 0x0c73c888, 0x0c73ca00, 0x0cd0a000)
 Metaspace       used 30470K, capacity 30783K, committed 30976K, reserved 31104K
}
Event: 519.034 GC heap before
{Heap before GC invocations=119 (full 3):
 def new generation   total 18368K, used 15715K [0x05000000, 0x063e0000, 0x0a550000)
  eden space 16384K,  95% used [0x05000000, 0x05f577e8, 0x06000000)
  from space 1984K,   0% used [0x06000000, 0x060017c8, 0x061f0000)
  to   space 1984K,   0% used [0x061f0000, 0x061f0000, 0x063e0000)
 tenured generation   total 40680K, used 34738K [0x0a550000, 0x0cd0a000, 0x15000000)
   the space 40680K,  85% used [0x0a550000, 0x0c73c888, 0x0c73ca00, 0x0cd0a000)
 Metaspace       used 30471K, capacity 30785K, committed 30976K, reserved 31104K
Event: 519.039 GC heap after
Heap after GC invocations=120 (full 3):
 def new generation   total 18368K, used 100K [0x05000000, 0x063e0000, 0x0a550000)
  eden space 16384K,   0% used [0x05000000, 0x05000000, 0x06000000)
  from space 1984K,   5% used [0x061f0000, 0x062090c0, 0x063e0000)
  to   space 1984K,   0% used [0x06000000, 0x06000000, 0x061f0000)
 tenured generation   total 40680K, used 34738K [0x0a550000, 0x0cd0a000, 0x15000000)
   the space 40680K,  85% used [0x0a550000, 0x0c73c888, 0x0c73ca00, 0x0cd0a000)
 Metaspace       used 30471K, capacity 30785K, committed 30976K, reserved 31104K
}

