# JRE version: Java(TM) SE Runtime Environment (8.0_66-b17) (build 1.8.0_66-b17)
# Java VM: Java HotSpot(TM) Client VM (25.66-b17 mixed mode windows-x86 )
Heap:
 def new generation   total 19584K, used 8476K [0x04e00000, 0x06340000, 0x0a350000)
  eden space 17408K,  48% used [0x04e00000, 0x05642bd8, 0x05f00000)
  from space 2176K,   0% used [0x05f00000, 0x05f045c0, 0x06120000)
  to   space 2176K,   0% used [0x06120000, 0x06120000, 0x06340000)
 tenured generation   total 43432K, used 34751K [0x0a350000, 0x0cdba000, 0x14e00000)
   the space 43432K,  80% used [0x0a350000, 0x0c53fef8, 0x0c540000, 0x0cdba000)
 Metaspace       used 32791K, capacity 33111K, committed 33280K, reserved 34176K
GC Heap History (10 events):
Event: 226.519 GC heap before
{Heap before GC invocations=121 (full 4):
 def new generation   total 19584K, used 18845K [0x04e00000, 0x06340000, 0x0a350000)
  eden space 17408K, 100% used [0x04e00000, 0x05f00000, 0x05f00000)
  from space 2176K,  66% used [0x06120000, 0x06287638, 0x06340000)
  to   space 2176K,   0% used [0x05f00000, 0x05f00000, 0x06120000)
 tenured generation   total 43432K, used 33368K [0x0a350000, 0x0cdba000, 0x14e00000)
   the space 43432K,  76% used [0x0a350000, 0x0c3e6038, 0x0c3e6200, 0x0cdba000)
 Metaspace       used 32783K, capacity 33111K, committed 33280K, reserved 34176K
Event: 226.525 GC heap after
Heap after GC invocations=122 (full 4):
 def new generation   total 19584K, used 0K [0x04e00000, 0x06340000, 0x0a350000)
  eden space 17408K,   0% used [0x04e00000, 0x04e00000, 0x05f00000)
  from space 2176K,   0% used [0x05f00000, 0x05f00030, 0x06120000)
  to   space 2176K,   0% used [0x06120000, 0x06120000, 0x06340000)
 tenured generation   total 43432K, used 34751K [0x0a350000, 0x0cdba000, 0x14e00000)
   the space 43432K,  80% used [0x0a350000, 0x0c53fef8, 0x0c540000, 0x0cdba000)
 Metaspace       used 32783K, capacity 33111K, committed 33280K, reserved 34176K
}
Event: 226.567 GC heap before
{Heap before GC invocations=122 (full 4):
 def new generation   total 19584K, used 17408K [0x04e00000, 0x06340000, 0x0a350000)
  eden space 17408K, 100% used [0x04e00000, 0x05f00000, 0x05f00000)
  from space 2176K,   0% used [0x05f00000, 0x05f00030, 0x06120000)
  to   space 2176K,   0% used [0x06120000, 0x06120000, 0x06340000)
 tenured generation   total 43432K, used 34751K [0x0a350000, 0x0cdba000, 0x14e00000)
   the space 43432K,  80% used [0x0a350000, 0x0c53fef8, 0x0c540000, 0x0cdba000)
 Metaspace       used 32783K, capacity 33111K, committed 33280K, reserved 34176K
Event: 226.569 GC heap after
Heap after GC invocations=123 (full 4):
 def new generation   total 19584K, used 2K [0x04e00000, 0x06340000, 0x0a350000)
  eden space 17408K,   0% used [0x04e00000, 0x04e00000, 0x05f00000)
  from space 2176K,   0% used [0x06120000, 0x06120b80, 0x06340000)
  to   space 2176K,   0% used [0x05f00000, 0x05f00000, 0x06120000)
 tenured generation   total 43432K, used 34751K [0x0a350000, 0x0cdba000, 0x14e00000)
   the space 43432K,  80% used [0x0a350000, 0x0c53fef8, 0x0c540000, 0x0cdba000)
 Metaspace       used 32783K, capacity 33111K, committed 33280K, reserved 34176K
}
Event: 226.654 GC heap before
{Heap before GC invocations=123 (full 4):
 def new generation   total 19584K, used 17410K [0x04e00000, 0x06340000, 0x0a350000)
  eden space 17408K, 100% used [0x04e00000, 0x05f00000, 0x05f00000)
  from space 2176K,   0% used [0x06120000, 0x06120b80, 0x06340000)
  to   space 2176K,   0% used [0x05f00000, 0x05f00000, 0x06120000)
 tenured generation   total 43432K, used 34751K [0x0a350000, 0x0cdba000, 0x14e00000)
   the space 43432K,  80% used [0x0a350000, 0x0c53fef8, 0x0c540000, 0x0cdba000)
 Metaspace       used 32786K, capacity 33111K, committed 33280K, reserved 34176K
Event: 226.658 GC heap after
Heap after GC invocations=124 (full 4):
 def new generation   total 19584K, used 9K [0x04e00000, 0x06340000, 0x0a350000)
  eden space 17408K,   0% used [0x04e00000, 0x04e00000, 0x05f00000)
  from space 2176K,   0% used [0x05f00000, 0x05f02730, 0x06120000)
  to   space 2176K,   0% used [0x06120000, 0x06120000, 0x06340000)
 tenured generation   total 43432K, used 34751K [0x0a350000, 0x0cdba000, 0x14e00000)
   the space 43432K,  80% used [0x0a350000, 0x0c53fef8, 0x0c540000, 0x0cdba000)
 Metaspace       used 32786K, capacity 33111K, committed 33280K, reserved 34176K
}
Event: 226.728 GC heap before
{Heap before GC invocations=124 (full 4):
 def new generation   total 19584K, used 17417K [0x04e00000, 0x06340000, 0x0a350000)
  eden space 17408K, 100% used [0x04e00000, 0x05f00000, 0x05f00000)
  from space 2176K,   0% used [0x05f00000, 0x05f02730, 0x06120000)
  to   space 2176K,   0% used [0x06120000, 0x06120000, 0x06340000)
 tenured generation   total 43432K, used 34751K [0x0a350000, 0x0cdba000, 0x14e00000)
   the space 43432K,  80% used [0x0a350000, 0x0c53fef8, 0x0c540000, 0x0cdba000)
 Metaspace       used 32791K, capacity 33111K, committed 33280K, reserved 34176K
Event: 226.731 GC heap after
Heap after GC invocations=125 (full 4):
 def new generation   total 19584K, used 21K [0x04e00000, 0x06340000, 0x0a350000)
  eden space 17408K,   0% used [0x04e00000, 0x04e00000, 0x05f00000)
  from space 2176K,   0% used [0x06120000, 0x06125550, 0x06340000)
  to   space 2176K,   0% used [0x05f00000, 0x05f00000, 0x06120000)
 tenured generation   total 43432K, used 34751K [0x0a350000, 0x0cdba000, 0x14e00000)
   the space 43432K,  80% used [0x0a350000, 0x0c53fef8, 0x0c540000, 0x0cdba000)
 Metaspace       used 32791K, capacity 33111K, committed 33280K, reserved 34176K
}
Event: 226.785 GC heap before
{Heap before GC invocations=125 (full 4):
 def new generation   total 19584K, used 17429K [0x04e00000, 0x06340000, 0x0a350000)
  eden space 17408K, 100% used [0x04e00000, 0x05f00000, 0x05f00000)
  from space 2176K,   0% used [0x06120000, 0x06125550, 0x06340000)
  to   space 2176K,   0% used [0x05f00000, 0x05f00000, 0x06120000)
 tenured generation   total 43432K, used 34751K [0x0a350000, 0x0cdba000, 0x14e00000)
   the space 43432K,  80% used [0x0a350000, 0x0c53fef8, 0x0c540000, 0x0cdba000)
 Metaspace       used 32791K, capacity 33111K, committed 33280K, reserved 34176K
Event: 226.786 GC heap after
Heap after GC invocations=126 (full 4):
 def new generation   total 19584K, used 17K [0x04e00000, 0x06340000, 0x0a350000)
  eden space 17408K,   0% used [0x04e00000, 0x04e00000, 0x05f00000)
  from space 2176K,   0% used [0x05f00000, 0x05f045c0, 0x06120000)
  to   space 2176K,   0% used [0x06120000, 0x06120000, 0x06340000)
 tenured generation   total 43432K, used 34751K [0x0a350000, 0x0cdba000, 0x14e00000)
   the space 43432K,  80% used [0x0a350000, 0x0c53fef8, 0x0c540000, 0x0cdba000)
 Metaspace       used 32791K, capacity 33111K, committed 33280K, reserved 34176K
}

