# JRE version: Java(TM) SE Runtime Environment (8.0_66-b17) (build 1.8.0_66-b17)
# Java VM: Java HotSpot(TM) Client VM (25.66-b17 mixed mode, sharing windows-x86 )
Heap:
 def new generation   total 21312K, used 12693K [0x04e00000, 0x06510000, 0x0a350000)
  eden space 19008K,  54% used [0x04e00000, 0x058257b0, 0x06090000)
  from space 2304K, 100% used [0x06090000, 0x062d0000, 0x062d0000)
  to   space 2304K,   0% used [0x062d0000, 0x062d0000, 0x06510000)
 tenured generation   total 47176K, used 38549K [0x0a350000, 0x0d162000, 0x14e00000)
   the space 47176K,  81% used [0x0a350000, 0x0c8f5530, 0x0c8f5600, 0x0d162000)
 Metaspace       used 25962K, capacity 26216K, committed 26496K, reserved 27008K
GC Heap History (10 events):
Event: 217.261 GC heap before
{Heap before GC invocations=102 (full 4):
 def new generation   total 21312K, used 21168K [0x04e00000, 0x06510000, 0x0a350000)
  eden space 19008K, 100% used [0x04e00000, 0x06090000, 0x06090000)
  from space 2304K,  93% used [0x062d0000, 0x064ec258, 0x06510000)
  to   space 2304K,   0% used [0x06090000, 0x06090000, 0x062d0000)
 tenured generation   total 47176K, used 33850K [0x0a350000, 0x0d162000, 0x14e00000)
   the space 47176K,  71% used [0x0a350000, 0x0c45e928, 0x0c45ea00, 0x0d162000)
 Metaspace       used 25922K, capacity 26172K, committed 26496K, reserved 27008K
Event: 217.268 GC heap after
Heap after GC invocations=103 (full 4):
 def new generation   total 21312K, used 966K [0x04e00000, 0x06510000, 0x0a350000)
  eden space 19008K,   0% used [0x04e00000, 0x04e00000, 0x06090000)
  from space 2304K,  41% used [0x06090000, 0x06181848, 0x062d0000)
  to   space 2304K,   0% used [0x062d0000, 0x062d0000, 0x06510000)
 tenured generation   total 47176K, used 36010K [0x0a350000, 0x0d162000, 0x14e00000)
   the space 47176K,  76% used [0x0a350000, 0x0c67aa90, 0x0c67ac00, 0x0d162000)
 Metaspace       used 25922K, capacity 26172K, committed 26496K, reserved 27008K
}
Event: 217.352 GC heap before
{Heap before GC invocations=103 (full 4):
 def new generation   total 21312K, used 19974K [0x04e00000, 0x06510000, 0x0a350000)
  eden space 19008K, 100% used [0x04e00000, 0x06090000, 0x06090000)
  from space 2304K,  41% used [0x06090000, 0x06181848, 0x062d0000)
  to   space 2304K,   0% used [0x062d0000, 0x062d0000, 0x06510000)
 tenured generation   total 47176K, used 36010K [0x0a350000, 0x0d162000, 0x14e00000)
   the space 47176K,  76% used [0x0a350000, 0x0c67aa90, 0x0c67ac00, 0x0d162000)
 Metaspace       used 25922K, capacity 26172K, committed 26496K, reserved 27008K
Event: 217.355 GC heap after
Heap after GC invocations=104 (full 4):
 def new generation   total 21312K, used 962K [0x04e00000, 0x06510000, 0x0a350000)
  eden space 19008K,   0% used [0x04e00000, 0x04e00000, 0x06090000)
  from space 2304K,  41% used [0x062d0000, 0x063c09d0, 0x06510000)
  to   space 2304K,   0% used [0x06090000, 0x06090000, 0x062d0000)
 tenured generation   total 47176K, used 36010K [0x0a350000, 0x0d162000, 0x14e00000)
   the space 47176K,  76% used [0x0a350000, 0x0c67aa90, 0x0c67ac00, 0x0d162000)
 Metaspace       used 25922K, capacity 26172K, committed 26496K, reserved 27008K
}
Event: 217.658 GC heap before
{Heap before GC invocations=104 (full 4):
 def new generation   total 21312K, used 19970K [0x04e00000, 0x06510000, 0x0a350000)
  eden space 19008K, 100% used [0x04e00000, 0x06090000, 0x06090000)
  from space 2304K,  41% used [0x062d0000, 0x063c09d0, 0x06510000)
  to   space 2304K,   0% used [0x06090000, 0x06090000, 0x062d0000)
 tenured generation   total 47176K, used 36010K [0x0a350000, 0x0d162000, 0x14e00000)
   the space 47176K,  76% used [0x0a350000, 0x0c67aa90, 0x0c67ac00, 0x0d162000)
 Metaspace       used 25925K, capacity 26177K, committed 26496K, reserved 27008K
Event: 217.660 GC heap after
Heap after GC invocations=105 (full 4):
 def new generation   total 21312K, used 44K [0x04e00000, 0x06510000, 0x0a350000)
  eden space 19008K,   0% used [0x04e00000, 0x04e00000, 0x06090000)
  from space 2304K,   1% used [0x06090000, 0x0609b158, 0x062d0000)
  to   space 2304K,   0% used [0x062d0000, 0x062d0000, 0x06510000)
 tenured generation   total 47176K, used 36010K [0x0a350000, 0x0d162000, 0x14e00000)
   the space 47176K,  76% used [0x0a350000, 0x0c67aa90, 0x0c67ac00, 0x0d162000)
 Metaspace       used 25925K, capacity 26177K, committed 26496K, reserved 27008K
}
Event: 218.353 GC heap before
{Heap before GC invocations=105 (full 4):
 def new generation   total 21312K, used 19052K [0x04e00000, 0x06510000, 0x0a350000)
  eden space 19008K, 100% used [0x04e00000, 0x06090000, 0x06090000)
  from space 2304K,   1% used [0x06090000, 0x0609b158, 0x062d0000)
  to   space 2304K,   0% used [0x062d0000, 0x062d0000, 0x06510000)
 tenured generation   total 47176K, used 36010K [0x0a350000, 0x0d162000, 0x14e00000)
   the space 47176K,  76% used [0x0a350000, 0x0c67aa90, 0x0c67ac00, 0x0d162000)
 Metaspace       used 25925K, capacity 26177K, committed 26496K, reserved 27008K
Event: 218.356 GC heap after
Heap after GC invocations=106 (full 4):
 def new generation   total 21312K, used 116K [0x04e00000, 0x06510000, 0x0a350000)
  eden space 19008K,   0% used [0x04e00000, 0x04e00000, 0x06090000)
  from space 2304K,   5% used [0x062d0000, 0x062ed2f0, 0x06510000)
  to   space 2304K,   0% used [0x06090000, 0x06090000, 0x062d0000)
 tenured generation   total 47176K, used 36010K [0x0a350000, 0x0d162000, 0x14e00000)
   the space 47176K,  76% used [0x0a350000, 0x0c67aa90, 0x0c67ac00, 0x0d162000)
 Metaspace       used 25925K, capacity 26177K, committed 26496K, reserved 27008K
}
Event: 244.372 GC heap before
{Heap before GC invocations=106 (full 4):
 def new generation   total 21312K, used 19124K [0x04e00000, 0x06510000, 0x0a350000)
  eden space 19008K, 100% used [0x04e00000, 0x06090000, 0x06090000)
  from space 2304K,   5% used [0x062d0000, 0x062ed2f0, 0x06510000)
  to   space 2304K,   0% used [0x06090000, 0x06090000, 0x062d0000)
 tenured generation   total 47176K, used 36010K [0x0a350000, 0x0d162000, 0x14e00000)
   the space 47176K,  76% used [0x0a350000, 0x0c67aa90, 0x0c67ac00, 0x0d162000)
 Metaspace       used 25962K, capacity 26216K, committed 26496K, reserved 27008K
Event: 244.383 GC heap after
Heap after GC invocations=107 (full 4):
 def new generation   total 21312K, used 2304K [0x04e00000, 0x06510000, 0x0a350000)
  eden space 19008K,   0% used [0x04e00000, 0x04e00000, 0x06090000)
  from space 2304K, 100% used [0x06090000, 0x062d0000, 0x062d0000)
  to   space 2304K,   0% used [0x062d0000, 0x062d0000, 0x06510000)
 tenured generation   total 47176K, used 38549K [0x0a350000, 0x0d162000, 0x14e00000)
   the space 47176K,  81% used [0x0a350000, 0x0c8f5530, 0x0c8f5600, 0x0d162000)
 Metaspace       used 25962K, capacity 26216K, committed 26496K, reserved 27008K
}

