# JRE version: Java(TM) SE Runtime Environment (8.0_66-b17) (build 1.8.0_66-b17)
# Java VM: Java HotSpot(TM) Client VM (25.66-b17 mixed mode, sharing windows-x86 )
Heap:
 def new generation   total 20480K, used 2422K [0x05000000, 0x06630000, 0x0a550000)
  eden space 18240K,   1% used [0x05000000, 0x0502da18, 0x061d0000)
  from space 2240K, 100% used [0x06400000, 0x06630000, 0x06630000)
  to   space 2240K,   0% used [0x061d0000, 0x061d0000, 0x06400000)
 tenured generation   total 45416K, used 42852K [0x0a550000, 0x0d1aa000, 0x15000000)
   the space 45416K,  94% used [0x0a550000, 0x0cf29288, 0x0cf29400, 0x0d1aa000)
 Metaspace       used 30484K, capacity 30835K, committed 31104K, reserved 31104K
GC Heap History (10 events):
Event: 2588.270 GC heap before
{Heap before GC invocations=121 (full 3):
 def new generation   total 20480K, used 19208K [0x05000000, 0x06630000, 0x0a550000)
  eden space 18240K, 100% used [0x05000000, 0x061d0000, 0x061d0000)
  from space 2240K,  43% used [0x061d0000, 0x062c2270, 0x06400000)
  to   space 2240K,   0% used [0x06400000, 0x06400000, 0x06630000)
 tenured generation   total 45416K, used 38235K [0x0a550000, 0x0d1aa000, 0x15000000)
   the space 45416K,  84% used [0x0a550000, 0x0caa6da8, 0x0caa6e00, 0x0d1aa000)
 Metaspace       used 30432K, capacity 30756K, committed 30976K, reserved 31104K
Event: 2588.273 GC heap after
Heap after GC invocations=122 (full 3):
 def new generation   total 20480K, used 971K [0x05000000, 0x06630000, 0x0a550000)
  eden space 18240K,   0% used [0x05000000, 0x05000000, 0x061d0000)
  from space 2240K,  43% used [0x06400000, 0x064f2e78, 0x06630000)
  to   space 2240K,   0% used [0x061d0000, 0x061d0000, 0x06400000)
 tenured generation   total 45416K, used 38235K [0x0a550000, 0x0d1aa000, 0x15000000)
   the space 45416K,  84% used [0x0a550000, 0x0caa6da8, 0x0caa6e00, 0x0d1aa000)
 Metaspace       used 30432K, capacity 30756K, committed 30976K, reserved 31104K
}
Event: 2589.661 GC heap before
{Heap before GC invocations=122 (full 3):
 def new generation   total 20480K, used 19211K [0x05000000, 0x06630000, 0x0a550000)
  eden space 18240K, 100% used [0x05000000, 0x061d0000, 0x061d0000)
  from space 2240K,  43% used [0x06400000, 0x064f2e78, 0x06630000)
  to   space 2240K,   0% used [0x061d0000, 0x061d0000, 0x06400000)
 tenured generation   total 45416K, used 38235K [0x0a550000, 0x0d1aa000, 0x15000000)
   the space 45416K,  84% used [0x0a550000, 0x0caa6da8, 0x0caa6e00, 0x0d1aa000)
 Metaspace       used 30437K, capacity 30761K, committed 30976K, reserved 31104K
Event: 2589.666 GC heap after
Heap after GC invocations=123 (full 3):
 def new generation   total 20480K, used 968K [0x05000000, 0x06630000, 0x0a550000)
  eden space 18240K,   0% used [0x05000000, 0x05000000, 0x061d0000)
  from space 2240K,  43% used [0x061d0000, 0x062c2190, 0x06400000)
  to   space 2240K,   0% used [0x06400000, 0x06400000, 0x06630000)
 tenured generation   total 45416K, used 38235K [0x0a550000, 0x0d1aa000, 0x15000000)
   the space 45416K,  84% used [0x0a550000, 0x0caa6da8, 0x0caa6e00, 0x0d1aa000)
 Metaspace       used 30437K, capacity 30761K, committed 30976K, reserved 31104K
}
Event: 2590.355 GC heap before
{Heap before GC invocations=123 (full 3):
 def new generation   total 20480K, used 19208K [0x05000000, 0x06630000, 0x0a550000)
  eden space 18240K, 100% used [0x05000000, 0x061d0000, 0x061d0000)
  from space 2240K,  43% used [0x061d0000, 0x062c2190, 0x06400000)
  to   space 2240K,   0% used [0x06400000, 0x06400000, 0x06630000)
 tenured generation   total 45416K, used 38235K [0x0a550000, 0x0d1aa000, 0x15000000)
   the space 45416K,  84% used [0x0a550000, 0x0caa6da8, 0x0caa6e00, 0x0d1aa000)
 Metaspace       used 30437K, capacity 30761K, committed 30976K, reserved 31104K
Event: 2590.359 GC heap after
Heap after GC invocations=124 (full 3):
 def new generation   total 20480K, used 1033K [0x05000000, 0x06630000, 0x0a550000)
  eden space 18240K,   0% used [0x05000000, 0x05000000, 0x061d0000)
  from space 2240K,  46% used [0x06400000, 0x06502468, 0x06630000)
  to   space 2240K,   0% used [0x061d0000, 0x061d0000, 0x06400000)
 tenured generation   total 45416K, used 38235K [0x0a550000, 0x0d1aa000, 0x15000000)
   the space 45416K,  84% used [0x0a550000, 0x0caa6da8, 0x0caa6e00, 0x0d1aa000)
 Metaspace       used 30437K, capacity 30761K, committed 30976K, reserved 31104K
}
Event: 2656.538 GC heap before
{Heap before GC invocations=124 (full 3):
 def new generation   total 20480K, used 19273K [0x05000000, 0x06630000, 0x0a550000)
  eden space 18240K, 100% used [0x05000000, 0x061d0000, 0x061d0000)
  from space 2240K,  46% used [0x06400000, 0x06502468, 0x06630000)
  to   space 2240K,   0% used [0x061d0000, 0x061d0000, 0x06400000)
 tenured generation   total 45416K, used 38235K [0x0a550000, 0x0d1aa000, 0x15000000)
   the space 45416K,  84% used [0x0a550000, 0x0caa6da8, 0x0caa6e00, 0x0d1aa000)
 Metaspace       used 30484K, capacity 30835K, committed 31104K, reserved 31104K
Event: 2656.549 GC heap after
Heap after GC invocations=125 (full 3):
 def new generation   total 20480K, used 2240K [0x05000000, 0x06630000, 0x0a550000)
  eden space 18240K,   0% used [0x05000000, 0x05000000, 0x061d0000)
  from space 2240K, 100% used [0x061d0000, 0x06400000, 0x06400000)
  to   space 2240K,   0% used [0x06400000, 0x06400000, 0x06630000)
 tenured generation   total 45416K, used 40545K [0x0a550000, 0x0d1aa000, 0x15000000)
   the space 45416K,  89% used [0x0a550000, 0x0cce8640, 0x0cce8800, 0x0d1aa000)
 Metaspace       used 30484K, capacity 30835K, committed 31104K, reserved 31104K
}
Event: 2656.644 GC heap before
{Heap before GC invocations=125 (full 3):
 def new generation   total 20480K, used 20480K [0x05000000, 0x06630000, 0x0a550000)
  eden space 18240K, 100% used [0x05000000, 0x061d0000, 0x061d0000)
  from space 2240K, 100% used [0x061d0000, 0x06400000, 0x06400000)
  to   space 2240K,   0% used [0x06400000, 0x06400000, 0x06630000)
 tenured generation   total 45416K, used 40545K [0x0a550000, 0x0d1aa000, 0x15000000)
   the space 45416K,  89% used [0x0a550000, 0x0cce8640, 0x0cce8800, 0x0d1aa000)
 Metaspace       used 30484K, capacity 30835K, committed 31104K, reserved 31104K
Event: 2656.658 GC heap after
Heap after GC invocations=126 (full 3):
 def new generation   total 20480K, used 2240K [0x05000000, 0x06630000, 0x0a550000)
  eden space 18240K,   0% used [0x05000000, 0x05000000, 0x061d0000)
  from space 2240K, 100% used [0x06400000, 0x06630000, 0x06630000)
  to   space 2240K,   0% used [0x061d0000, 0x061d0000, 0x06400000)
 tenured generation   total 45416K, used 42852K [0x0a550000, 0x0d1aa000, 0x15000000)
   the space 45416K,  94% used [0x0a550000, 0x0cf29288, 0x0cf29400, 0x0d1aa000)
 Metaspace       used 30484K, capacity 30835K, committed 31104K, reserved 31104K
}

