# JRE version: Java(TM) SE Runtime Environment (8.0_66-b17) (build 1.8.0_66-b17)
# Java VM: Java HotSpot(TM) Client VM (25.66-b17 mixed mode windows-x86 )
Heap:
 def new generation   total 19136K, used 3963K [0x05200000, 0x066c0000, 0x0a750000)
  eden space 17024K,  10% used [0x05200000, 0x053cece8, 0x062a0000)
  from space 2112K, 100% used [0x062a0000, 0x064b0000, 0x064b0000)
  to   space 2112K,   0% used [0x064b0000, 0x064b0000, 0x066c0000)
 tenured generation   total 42384K, used 32848K [0x0a750000, 0x0d0b4000, 0x15200000)
   the space 42384K,  77% used [0x0a750000, 0x0c764140, 0x0c764200, 0x0d0b4000)
 Metaspace       used 32791K, capacity 33103K, committed 33408K, reserved 34176K
GC Heap History (10 events):
Event: 10.236 GC heap before
{Heap before GC invocations=117 (full 4):
 def new generation   total 19136K, used 18083K [0x05200000, 0x066c0000, 0x0a750000)
  eden space 17024K,  99% used [0x05200000, 0x0628add0, 0x062a0000)
  from space 2112K,  54% used [0x064b0000, 0x065ce1b8, 0x066c0000)
  to   space 2112K,   0% used [0x062a0000, 0x062a0000, 0x064b0000)
 tenured generation   total 42384K, used 27442K [0x0a750000, 0x0d0b4000, 0x15200000)
   the space 42384K,  64% used [0x0a750000, 0x0c21caf0, 0x0c21cc00, 0x0d0b4000)
 Metaspace       used 29672K, capacity 29974K, committed 30208K, reserved 31104K
Event: 10.244 GC heap after
Heap after GC invocations=118 (full 4):
 def new generation   total 19136K, used 1347K [0x05200000, 0x066c0000, 0x0a750000)
  eden space 17024K,   0% used [0x05200000, 0x05200000, 0x062a0000)
  from space 2112K,  63% used [0x062a0000, 0x063f0da0, 0x064b0000)
  to   space 2112K,   0% used [0x064b0000, 0x064b0000, 0x066c0000)
 tenured generation   total 42384K, used 28071K [0x0a750000, 0x0d0b4000, 0x15200000)
   the space 42384K,  66% used [0x0a750000, 0x0c2b9c70, 0x0c2b9e00, 0x0d0b4000)
 Metaspace       used 29672K, capacity 29974K, committed 30208K, reserved 31104K
}
Event: 31.216 GC heap before
{Heap before GC invocations=118 (full 4):
 def new generation   total 19136K, used 18371K [0x05200000, 0x066c0000, 0x0a750000)
  eden space 17024K, 100% used [0x05200000, 0x062a0000, 0x062a0000)
  from space 2112K,  63% used [0x062a0000, 0x063f0da0, 0x064b0000)
  to   space 2112K,   0% used [0x064b0000, 0x064b0000, 0x066c0000)
 tenured generation   total 42384K, used 28071K [0x0a750000, 0x0d0b4000, 0x15200000)
   the space 42384K,  66% used [0x0a750000, 0x0c2b9c70, 0x0c2b9e00, 0x0d0b4000)
 Metaspace       used 30311K, capacity 30622K, committed 30848K, reserved 31104K
Event: 31.224 GC heap after
Heap after GC invocations=119 (full 4):
 def new generation   total 19136K, used 1926K [0x05200000, 0x066c0000, 0x0a750000)
  eden space 17024K,   0% used [0x05200000, 0x05200000, 0x062a0000)
  from space 2112K,  91% used [0x064b0000, 0x06691b28, 0x066c0000)
  to   space 2112K,   0% used [0x062a0000, 0x062a0000, 0x064b0000)
 tenured generation   total 42384K, used 28489K [0x0a750000, 0x0d0b4000, 0x15200000)
   the space 42384K,  67% used [0x0a750000, 0x0c322540, 0x0c322600, 0x0d0b4000)
 Metaspace       used 30311K, capacity 30622K, committed 30848K, reserved 31104K
}
Event: 31.756 GC heap before
{Heap before GC invocations=119 (full 4):
 def new generation   total 19136K, used 18950K [0x05200000, 0x066c0000, 0x0a750000)
  eden space 17024K, 100% used [0x05200000, 0x062a0000, 0x062a0000)
  from space 2112K,  91% used [0x064b0000, 0x06691b28, 0x066c0000)
  to   space 2112K,   0% used [0x062a0000, 0x062a0000, 0x064b0000)
 tenured generation   total 42384K, used 28489K [0x0a750000, 0x0d0b4000, 0x15200000)
   the space 42384K,  67% used [0x0a750000, 0x0c322540, 0x0c322600, 0x0d0b4000)
 Metaspace       used 31683K, capacity 31966K, committed 32256K, reserved 33152K
Event: 31.764 GC heap after
Heap after GC invocations=120 (full 4):
 def new generation   total 19136K, used 1618K [0x05200000, 0x066c0000, 0x0a750000)
  eden space 17024K,   0% used [0x05200000, 0x05200000, 0x062a0000)
  from space 2112K,  76% used [0x062a0000, 0x06434988, 0x064b0000)
  to   space 2112K,   0% used [0x064b0000, 0x064b0000, 0x066c0000)
 tenured generation   total 42384K, used 29696K [0x0a750000, 0x0d0b4000, 0x15200000)
   the space 42384K,  70% used [0x0a750000, 0x0c450100, 0x0c450200, 0x0d0b4000)
 Metaspace       used 31683K, capacity 31966K, committed 32256K, reserved 33152K
}
Event: 31.998 GC heap before
{Heap before GC invocations=120 (full 4):
 def new generation   total 19136K, used 18642K [0x05200000, 0x066c0000, 0x0a750000)
  eden space 17024K, 100% used [0x05200000, 0x062a0000, 0x062a0000)
  from space 2112K,  76% used [0x062a0000, 0x06434988, 0x064b0000)
  to   space 2112K,   0% used [0x064b0000, 0x064b0000, 0x066c0000)
 tenured generation   total 42384K, used 29696K [0x0a750000, 0x0d0b4000, 0x15200000)
   the space 42384K,  70% used [0x0a750000, 0x0c450100, 0x0c450200, 0x0d0b4000)
 Metaspace       used 32701K, capacity 33005K, committed 33280K, reserved 34176K
Event: 32.012 GC heap after
Heap after GC invocations=121 (full 4):
 def new generation   total 19136K, used 2111K [0x05200000, 0x066c0000, 0x0a750000)
  eden space 17024K,   0% used [0x05200000, 0x05200000, 0x062a0000)
  from space 2112K,  99% used [0x064b0000, 0x066bfff8, 0x066c0000)
  to   space 2112K,   0% used [0x062a0000, 0x062a0000, 0x064b0000)
 tenured generation   total 42384K, used 31554K [0x0a750000, 0x0d0b4000, 0x15200000)
   the space 42384K,  74% used [0x0a750000, 0x0c620ab0, 0x0c620c00, 0x0d0b4000)
 Metaspace       used 32701K, capacity 33005K, committed 33280K, reserved 34176K
}
Event: 35.937 GC heap before
{Heap before GC invocations=121 (full 4):
 def new generation   total 19136K, used 19135K [0x05200000, 0x066c0000, 0x0a750000)
  eden space 17024K, 100% used [0x05200000, 0x062a0000, 0x062a0000)
  from space 2112K,  99% used [0x064b0000, 0x066bfff8, 0x066c0000)
  to   space 2112K,   0% used [0x062a0000, 0x062a0000, 0x064b0000)
 tenured generation   total 42384K, used 31554K [0x0a750000, 0x0d0b4000, 0x15200000)
   the space 42384K,  74% used [0x0a750000, 0x0c620ab0, 0x0c620c00, 0x0d0b4000)
 Metaspace       used 32777K, capacity 33103K, committed 33408K, reserved 34176K
Event: 35.947 GC heap after
Heap after GC invocations=122 (full 4):
 def new generation   total 19136K, used 2112K [0x05200000, 0x066c0000, 0x0a750000)
  eden space 17024K,   0% used [0x05200000, 0x05200000, 0x062a0000)
  from space 2112K, 100% used [0x062a0000, 0x064b0000, 0x064b0000)
  to   space 2112K,   0% used [0x064b0000, 0x064b0000, 0x066c0000)
 tenured generation   total 42384K, used 32848K [0x0a750000, 0x0d0b4000, 0x15200000)
   the space 42384K,  77% used [0x0a750000, 0x0c764140, 0x0c764200, 0x0d0b4000)
 Metaspace       used 32777K, capacity 33103K, committed 33408K, reserved 34176K
}

