# JRE version: Java(TM) SE Runtime Environment (8.0_66-b17) (build 1.8.0_66-b17)
# Java VM: Java HotSpot(TM) Client VM (25.66-b17 mixed mode windows-x86 )
Heap:
 def new generation   total 20032K, used 6070K [0x05200000, 0x067b0000, 0x0a750000)
  eden space 17856K,  21% used [0x05200000, 0x055cd858, 0x06370000)
  from space 2176K,  99% used [0x06590000, 0x067afff8, 0x067b0000)
  to   space 2176K,   0% used [0x06370000, 0x06370000, 0x06590000)
 tenured generation   total 44288K, used 33289K [0x0a750000, 0x0d290000, 0x15200000)
   the space 44288K,  75% used [0x0a750000, 0x0c7d27d0, 0x0c7d2800, 0x0d290000)
 Metaspace       used 32124K, capacity 32433K, committed 32640K, reserved 33152K
GC Heap History (10 events):
Event: 8.064 GC heap before
{Heap before GC invocations=111 (full 4):
 def new generation   total 20032K, used 19292K [0x05200000, 0x067b0000, 0x0a750000)
  eden space 17856K, 100% used [0x05200000, 0x06370000, 0x06370000)
  from space 2176K,  66% used [0x06370000, 0x064d7340, 0x06590000)
  to   space 2176K,   0% used [0x06590000, 0x06590000, 0x067b0000)
 tenured generation   total 44288K, used 26572K [0x0a750000, 0x0d290000, 0x15200000)
   the space 44288K,  59% used [0x0a750000, 0x0c143098, 0x0c143200, 0x0d290000)
 Metaspace       used 28688K, capacity 28997K, committed 29184K, reserved 30080K
Event: 8.069 GC heap after
Heap after GC invocations=112 (full 4):
 def new generation   total 20032K, used 1134K [0x05200000, 0x067b0000, 0x0a750000)
  eden space 17856K,   0% used [0x05200000, 0x05200000, 0x06370000)
  from space 2176K,  52% used [0x06590000, 0x066abaa0, 0x067b0000)
  to   space 2176K,   0% used [0x06370000, 0x06370000, 0x06590000)
 tenured generation   total 44288K, used 27139K [0x0a750000, 0x0d290000, 0x15200000)
   the space 44288K,  61% used [0x0a750000, 0x0c1d0fb8, 0x0c1d1000, 0x0d290000)
 Metaspace       used 28688K, capacity 28997K, committed 29184K, reserved 30080K
}
Event: 14.194 GC heap before
{Heap before GC invocations=112 (full 4):
 def new generation   total 20032K, used 18990K [0x05200000, 0x067b0000, 0x0a750000)
  eden space 17856K, 100% used [0x05200000, 0x06370000, 0x06370000)
  from space 2176K,  52% used [0x06590000, 0x066abaa0, 0x067b0000)
  to   space 2176K,   0% used [0x06370000, 0x06370000, 0x06590000)
 tenured generation   total 44288K, used 27139K [0x0a750000, 0x0d290000, 0x15200000)
   the space 44288K,  61% used [0x0a750000, 0x0c1d0fb8, 0x0c1d1000, 0x0d290000)
 Metaspace       used 29309K, capacity 29600K, committed 29824K, reserved 30080K
Event: 14.201 GC heap after
Heap after GC invocations=113 (full 4):
 def new generation   total 20032K, used 1578K [0x05200000, 0x067b0000, 0x0a750000)
  eden space 17856K,   0% used [0x05200000, 0x05200000, 0x06370000)
  from space 2176K,  72% used [0x06370000, 0x064fa830, 0x06590000)
  to   space 2176K,   0% used [0x06590000, 0x06590000, 0x067b0000)
 tenured generation   total 44288K, used 27851K [0x0a750000, 0x0d290000, 0x15200000)
   the space 44288K,  62% used [0x0a750000, 0x0c282f38, 0x0c283000, 0x0d290000)
 Metaspace       used 29309K, capacity 29600K, committed 29824K, reserved 30080K
}
Event: 14.391 GC heap before
{Heap before GC invocations=113 (full 4):
 def new generation   total 20032K, used 19434K [0x05200000, 0x067b0000, 0x0a750000)
  eden space 17856K, 100% used [0x05200000, 0x06370000, 0x06370000)
  from space 2176K,  72% used [0x06370000, 0x064fa830, 0x06590000)
  to   space 2176K,   0% used [0x06590000, 0x06590000, 0x067b0000)
 tenured generation   total 44288K, used 27851K [0x0a750000, 0x0d290000, 0x15200000)
   the space 44288K,  62% used [0x0a750000, 0x0c282f38, 0x0c283000, 0x0d290000)
 Metaspace       used 30330K, capacity 30656K, committed 30848K, reserved 31104K
Event: 14.398 GC heap after
Heap after GC invocations=114 (full 4):
 def new generation   total 20032K, used 1610K [0x05200000, 0x067b0000, 0x0a750000)
  eden space 17856K,   0% used [0x05200000, 0x05200000, 0x06370000)
  from space 2176K,  74% used [0x06590000, 0x06722a78, 0x067b0000)
  to   space 2176K,   0% used [0x06370000, 0x06370000, 0x06590000)
 tenured generation   total 44288K, used 28956K [0x0a750000, 0x0d290000, 0x15200000)
   the space 44288K,  65% used [0x0a750000, 0x0c397370, 0x0c397400, 0x0d290000)
 Metaspace       used 30330K, capacity 30656K, committed 30848K, reserved 31104K
}
Event: 14.934 GC heap before
{Heap before GC invocations=114 (full 4):
 def new generation   total 20032K, used 19466K [0x05200000, 0x067b0000, 0x0a750000)
  eden space 17856K, 100% used [0x05200000, 0x06370000, 0x06370000)
  from space 2176K,  74% used [0x06590000, 0x06722a78, 0x067b0000)
  to   space 2176K,   0% used [0x06370000, 0x06370000, 0x06590000)
 tenured generation   total 44288K, used 28956K [0x0a750000, 0x0d290000, 0x15200000)
   the space 44288K,  65% used [0x0a750000, 0x0c397370, 0x0c397400, 0x0d290000)
 Metaspace       used 32048K, capacity 32367K, committed 32640K, reserved 33152K
Event: 14.942 GC heap after
Heap after GC invocations=115 (full 4):
 def new generation   total 20032K, used 2176K [0x05200000, 0x067b0000, 0x0a750000)
  eden space 17856K,   0% used [0x05200000, 0x05200000, 0x06370000)
  from space 2176K, 100% used [0x06370000, 0x06590000, 0x06590000)
  to   space 2176K,   0% used [0x06590000, 0x06590000, 0x067b0000)
 tenured generation   total 44288K, used 31023K [0x0a750000, 0x0d290000, 0x15200000)
   the space 44288K,  70% used [0x0a750000, 0x0c59bc28, 0x0c59be00, 0x0d290000)
 Metaspace       used 32048K, capacity 32367K, committed 32640K, reserved 33152K
}
Event: 15.044 GC heap before
{Heap before GC invocations=115 (full 4):
 def new generation   total 20032K, used 20032K [0x05200000, 0x067b0000, 0x0a750000)
  eden space 17856K, 100% used [0x05200000, 0x06370000, 0x06370000)
  from space 2176K, 100% used [0x06370000, 0x06590000, 0x06590000)
  to   space 2176K,   0% used [0x06590000, 0x06590000, 0x067b0000)
 tenured generation   total 44288K, used 31023K [0x0a750000, 0x0d290000, 0x15200000)
   the space 44288K,  70% used [0x0a750000, 0x0c59bc28, 0x0c59be00, 0x0d290000)
 Metaspace       used 32048K, capacity 32367K, committed 32640K, reserved 33152K
Event: 15.055 GC heap after
Heap after GC invocations=116 (full 4):
 def new generation   total 20032K, used 2175K [0x05200000, 0x067b0000, 0x0a750000)
  eden space 17856K,   0% used [0x05200000, 0x05200000, 0x06370000)
  from space 2176K,  99% used [0x06590000, 0x067afff8, 0x067b0000)
  to   space 2176K,   0% used [0x06370000, 0x06370000, 0x06590000)
 tenured generation   total 44288K, used 33289K [0x0a750000, 0x0d290000, 0x15200000)
   the space 44288K,  75% used [0x0a750000, 0x0c7d27d0, 0x0c7d2800, 0x0d290000)
 Metaspace       used 32048K, capacity 32367K, committed 32640K, reserved 33152K
}

