# JRE version: Java(TM) SE Runtime Environment (8.0_66-b17) (build 1.8.0_66-b17)
# Java VM: Java HotSpot(TM) Client VM (25.66-b17 mixed mode, sharing windows-x86 )
Heap:
 def new generation   total 15488K, used 9648K [0x04800000, 0x058c0000, 0x09d50000)
  eden space 13824K,  57% used [0x04800000, 0x04fcc310, 0x05580000)
  from space 1664K, 100% used [0x05720000, 0x058c0000, 0x058c0000)
  to   space 1664K,   0% used [0x05580000, 0x05580000, 0x05720000)
 tenured generation   total 34284K, used 23755K [0x09d50000, 0x0becb000, 0x14800000)
   the space 34284K,  69% used [0x09d50000, 0x0b482c08, 0x0b482e00, 0x0becb000)
 Metaspace       used 21133K, capacity 21393K, committed 21760K, reserved 21888K
GC Heap History (10 events):
Event: 5.647 GC heap before
{Heap before GC invocations=84 (full 2):
 def new generation   total 12736K, used 11924K [0x04800000, 0x055d0000, 0x09d50000)
  eden space 11328K, 100% used [0x04800000, 0x05310000, 0x05310000)
  from space 1408K,  42% used [0x05310000, 0x053a5338, 0x05470000)
  to   space 1408K,   0% used [0x05470000, 0x05470000, 0x055d0000)
 tenured generation   total 28268K, used 27265K [0x09d50000, 0x0b8eb000, 0x14800000)
   the space 28268K,  96% used [0x09d50000, 0x0b7f0500, 0x0b7f0600, 0x0b8eb000)
 Metaspace       used 18392K, capacity 18679K, committed 18816K, reserved 18816K
Event: 5.651 GC heap after
Heap after GC invocations=85 (full 2):
 def new generation   total 12736K, used 1408K [0x04800000, 0x055d0000, 0x09d50000)
  eden space 11328K,   0% used [0x04800000, 0x04800000, 0x05310000)
  from space 1408K, 100% used [0x05470000, 0x055d0000, 0x055d0000)
  to   space 1408K,   0% used [0x05310000, 0x05310000, 0x05470000)
 tenured generation   total 28268K, used 27314K [0x09d50000, 0x0b8eb000, 0x14800000)
   the space 28268K,  96% used [0x09d50000, 0x0b7fcb30, 0x0b7fcc00, 0x0b8eb000)
 Metaspace       used 18392K, capacity 18679K, committed 18816K, reserved 18816K
}
Event: 13.112 GC heap before
{Heap before GC invocations=85 (full 2):
 def new generation   total 12736K, used 12736K [0x04800000, 0x055d0000, 0x09d50000)
  eden space 11328K, 100% used [0x04800000, 0x05310000, 0x05310000)
  from space 1408K, 100% used [0x05470000, 0x055d0000, 0x055d0000)
  to   space 1408K,   0% used [0x05310000, 0x05310000, 0x05470000)
 tenured generation   total 28268K, used 27314K [0x09d50000, 0x0b8eb000, 0x14800000)
   the space 28268K,  96% used [0x09d50000, 0x0b7fcb30, 0x0b7fcc00, 0x0b8eb000)
 Metaspace       used 18995K, capacity 19287K, committed 19456K, reserved 19840K
Event: 13.176 GC heap after
Heap after GC invocations=86 (full 3):
 def new generation   total 15488K, used 0K [0x04800000, 0x058c0000, 0x09d50000)
  eden space 13824K,   0% used [0x04800000, 0x04800000, 0x05580000)
  from space 1664K,   0% used [0x05580000, 0x05580000, 0x05720000)
  to   space 1664K,   0% used [0x05720000, 0x05720000, 0x058c0000)
 tenured generation   total 34284K, used 20568K [0x09d50000, 0x0becb000, 0x14800000)
   the space 34284K,  59% used [0x09d50000, 0x0b166388, 0x0b166400, 0x0becb000)
 Metaspace       used 18867K, capacity 19112K, committed 19456K, reserved 19840K
}
Event: 19.555 GC heap before
{Heap before GC invocations=86 (full 3):
 def new generation   total 15488K, used 13824K [0x04800000, 0x058c0000, 0x09d50000)
  eden space 13824K, 100% used [0x04800000, 0x05580000, 0x05580000)
  from space 1664K,   0% used [0x05580000, 0x05580000, 0x05720000)
  to   space 1664K,   0% used [0x05720000, 0x05720000, 0x058c0000)
 tenured generation   total 34284K, used 20568K [0x09d50000, 0x0becb000, 0x14800000)
   the space 34284K,  59% used [0x09d50000, 0x0b166388, 0x0b166400, 0x0becb000)
 Metaspace       used 19578K, capacity 19816K, committed 20224K, reserved 20864K
Event: 19.563 GC heap after
Heap after GC invocations=87 (full 3):
 def new generation   total 15488K, used 1547K [0x04800000, 0x058c0000, 0x09d50000)
  eden space 13824K,   0% used [0x04800000, 0x04800000, 0x05580000)
  from space 1664K,  92% used [0x05720000, 0x058a2e08, 0x058c0000)
  to   space 1664K,   0% used [0x05580000, 0x05580000, 0x05720000)
 tenured generation   total 34284K, used 20568K [0x09d50000, 0x0becb000, 0x14800000)
   the space 34284K,  59% used [0x09d50000, 0x0b166388, 0x0b166400, 0x0becb000)
 Metaspace       used 19578K, capacity 19816K, committed 20224K, reserved 20864K
}
Event: 19.789 GC heap before
{Heap before GC invocations=87 (full 3):
 def new generation   total 15488K, used 15371K [0x04800000, 0x058c0000, 0x09d50000)
  eden space 13824K, 100% used [0x04800000, 0x05580000, 0x05580000)
  from space 1664K,  92% used [0x05720000, 0x058a2e08, 0x058c0000)
  to   space 1664K,   0% used [0x05580000, 0x05580000, 0x05720000)
 tenured generation   total 34284K, used 20568K [0x09d50000, 0x0becb000, 0x14800000)
   the space 34284K,  59% used [0x09d50000, 0x0b166388, 0x0b166400, 0x0becb000)
 Metaspace       used 20040K, capacity 20266K, committed 20608K, reserved 20864K
Event: 19.796 GC heap after
Heap after GC invocations=88 (full 3):
 def new generation   total 15488K, used 1664K [0x04800000, 0x058c0000, 0x09d50000)
  eden space 13824K,   0% used [0x04800000, 0x04800000, 0x05580000)
  from space 1664K, 100% used [0x05580000, 0x05720000, 0x05720000)
  to   space 1664K,   0% used [0x05720000, 0x05720000, 0x058c0000)
 tenured generation   total 34284K, used 21756K [0x09d50000, 0x0becb000, 0x14800000)
   the space 34284K,  63% used [0x09d50000, 0x0b28f310, 0x0b28f400, 0x0becb000)
 Metaspace       used 20040K, capacity 20266K, committed 20608K, reserved 20864K
}
Event: 19.941 GC heap before
{Heap before GC invocations=88 (full 3):
 def new generation   total 15488K, used 15488K [0x04800000, 0x058c0000, 0x09d50000)
  eden space 13824K, 100% used [0x04800000, 0x05580000, 0x05580000)
  from space 1664K, 100% used [0x05580000, 0x05720000, 0x05720000)
  to   space 1664K,   0% used [0x05720000, 0x05720000, 0x058c0000)
 tenured generation   total 34284K, used 21756K [0x09d50000, 0x0becb000, 0x14800000)
   the space 34284K,  63% used [0x09d50000, 0x0b28f310, 0x0b28f400, 0x0becb000)
 Metaspace       used 20897K, capacity 21162K, committed 21504K, reserved 21888K
Event: 19.947 GC heap after
Heap after GC invocations=89 (full 3):
 def new generation   total 15488K, used 1664K [0x04800000, 0x058c0000, 0x09d50000)
  eden space 13824K,   0% used [0x04800000, 0x04800000, 0x05580000)
  from space 1664K, 100% used [0x05720000, 0x058c0000, 0x058c0000)
  to   space 1664K,   0% used [0x05580000, 0x05580000, 0x05720000)
 tenured generation   total 34284K, used 23755K [0x09d50000, 0x0becb000, 0x14800000)
   the space 34284K,  69% used [0x09d50000, 0x0b482c08, 0x0b482e00, 0x0becb000)
 Metaspace       used 20897K, capacity 21162K, committed 21504K, reserved 21888K
}

