# JRE version: Java(TM) SE Runtime Environment (8.0_66-b17) (build 1.8.0_66-b17)
# Java VM: Java HotSpot(TM) Client VM (25.66-b17 mixed mode, sharing windows-x86 )
Heap:
 def new generation   total 21888K, used 11605K [0x04a00000, 0x061b0000, 0x09f50000)
  eden space 19520K,  47% used [0x04a00000, 0x053056e8, 0x05d10000)
  from space 2368K, 100% used [0x05d10000, 0x05f60000, 0x05f60000)
  to   space 2368K,   0% used [0x05f60000, 0x05f60000, 0x061b0000)
 tenured generation   total 48468K, used 36318K [0x09f50000, 0x0cea5000, 0x14a00000)
   the space 48468K,  74% used [0x09f50000, 0x0c2c7950, 0x0c2c7a00, 0x0cea5000)
 Metaspace       used 30177K, capacity 30482K, committed 30720K, reserved 31104K
GC Heap History (10 events):
Event: 15.703 GC heap before
{Heap before GC invocations=110 (full 3):
 def new generation   total 21888K, used 20487K [0x04a00000, 0x061b0000, 0x09f50000)
  eden space 19520K, 100% used [0x04a00000, 0x05d10000, 0x05d10000)
  from space 2368K,  40% used [0x05f60000, 0x06051ec0, 0x061b0000)
  to   space 2368K,   0% used [0x05d10000, 0x05d10000, 0x05f60000)
 tenured generation   total 48468K, used 29080K [0x09f50000, 0x0cea5000, 0x14a00000)
   the space 48468K,  59% used [0x09f50000, 0x0bbb6320, 0x0bbb6400, 0x0cea5000)
 Metaspace       used 26241K, capacity 26529K, committed 26752K, reserved 27008K
Event: 15.711 GC heap after
Heap after GC invocations=111 (full 3):
 def new generation   total 21888K, used 2368K [0x04a00000, 0x061b0000, 0x09f50000)
  eden space 19520K,   0% used [0x04a00000, 0x04a00000, 0x05d10000)
  from space 2368K, 100% used [0x05d10000, 0x05f60000, 0x05f60000)
  to   space 2368K,   0% used [0x05f60000, 0x05f60000, 0x061b0000)
 tenured generation   total 48468K, used 29184K [0x09f50000, 0x0cea5000, 0x14a00000)
   the space 48468K,  60% used [0x09f50000, 0x0bbd0300, 0x0bbd0400, 0x0cea5000)
 Metaspace       used 26241K, capacity 26529K, committed 26752K, reserved 27008K
}
Event: 15.950 GC heap before
{Heap before GC invocations=111 (full 3):
 def new generation   total 21888K, used 21888K [0x04a00000, 0x061b0000, 0x09f50000)
  eden space 19520K, 100% used [0x04a00000, 0x05d10000, 0x05d10000)
  from space 2368K, 100% used [0x05d10000, 0x05f60000, 0x05f60000)
  to   space 2368K,   0% used [0x05f60000, 0x05f60000, 0x061b0000)
 tenured generation   total 48468K, used 29184K [0x09f50000, 0x0cea5000, 0x14a00000)
   the space 48468K,  60% used [0x09f50000, 0x0bbd0300, 0x0bbd0400, 0x0cea5000)
 Metaspace       used 26837K, capacity 27139K, committed 27392K, reserved 28032K
Event: 15.958 GC heap after
Heap after GC invocations=112 (full 3):
 def new generation   total 21888K, used 1910K [0x04a00000, 0x061b0000, 0x09f50000)
  eden space 19520K,   0% used [0x04a00000, 0x04a00000, 0x05d10000)
  from space 2368K,  80% used [0x05f60000, 0x0613db68, 0x061b0000)
  to   space 2368K,   0% used [0x05d10000, 0x05d10000, 0x05f60000)
 tenured generation   total 48468K, used 30422K [0x09f50000, 0x0cea5000, 0x14a00000)
   the space 48468K,  62% used [0x09f50000, 0x0bd058a0, 0x0bd05a00, 0x0cea5000)
 Metaspace       used 26837K, capacity 27139K, committed 27392K, reserved 28032K
}
Event: 16.203 GC heap before
{Heap before GC invocations=112 (full 3):
 def new generation   total 21888K, used 21430K [0x04a00000, 0x061b0000, 0x09f50000)
  eden space 19520K, 100% used [0x04a00000, 0x05d10000, 0x05d10000)
  from space 2368K,  80% used [0x05f60000, 0x0613db68, 0x061b0000)
  to   space 2368K,   0% used [0x05d10000, 0x05d10000, 0x05f60000)
 tenured generation   total 48468K, used 30422K [0x09f50000, 0x0cea5000, 0x14a00000)
   the space 48468K,  62% used [0x09f50000, 0x0bd058a0, 0x0bd05a00, 0x0cea5000)
 Metaspace       used 27882K, capacity 28195K, committed 28416K, reserved 29056K
Event: 16.212 GC heap after
Heap after GC invocations=113 (full 3):
 def new generation   total 21888K, used 2368K [0x04a00000, 0x061b0000, 0x09f50000)
  eden space 19520K,   0% used [0x04a00000, 0x04a00000, 0x05d10000)
  from space 2368K, 100% used [0x05d10000, 0x05f60000, 0x05f60000)
  to   space 2368K,   0% used [0x05f60000, 0x05f60000, 0x061b0000)
 tenured generation   total 48468K, used 32311K [0x09f50000, 0x0cea5000, 0x14a00000)
   the space 48468K,  66% used [0x09f50000, 0x0beddd18, 0x0bedde00, 0x0cea5000)
 Metaspace       used 27882K, capacity 28195K, committed 28416K, reserved 29056K
}
Event: 26.976 GC heap before
{Heap before GC invocations=113 (full 3):
 def new generation   total 21888K, used 21857K [0x04a00000, 0x061b0000, 0x09f50000)
  eden space 19520K,  99% used [0x04a00000, 0x05d08778, 0x05d10000)
  from space 2368K, 100% used [0x05d10000, 0x05f60000, 0x05f60000)
  to   space 2368K,   0% used [0x05f60000, 0x05f60000, 0x061b0000)
 tenured generation   total 48468K, used 32311K [0x09f50000, 0x0cea5000, 0x14a00000)
   the space 48468K,  66% used [0x09f50000, 0x0beddd18, 0x0bedde00, 0x0cea5000)
 Metaspace       used 29422K, capacity 29731K, committed 29952K, reserved 30080K
Event: 26.984 GC heap after
Heap after GC invocations=114 (full 3):
 def new generation   total 21888K, used 2165K [0x04a00000, 0x061b0000, 0x09f50000)
  eden space 19520K,   0% used [0x04a00000, 0x04a00000, 0x05d10000)
  from space 2368K,  91% used [0x05f60000, 0x0617d6d0, 0x061b0000)
  to   space 2368K,   0% used [0x05d10000, 0x05d10000, 0x05f60000)
 tenured generation   total 48468K, used 34182K [0x09f50000, 0x0cea5000, 0x14a00000)
   the space 48468K,  70% used [0x09f50000, 0x0c0b1ad8, 0x0c0b1c00, 0x0cea5000)
 Metaspace       used 29422K, capacity 29731K, committed 29952K, reserved 30080K
}
Event: 27.209 GC heap before
{Heap before GC invocations=114 (full 3):
 def new generation   total 21888K, used 21685K [0x04a00000, 0x061b0000, 0x09f50000)
  eden space 19520K, 100% used [0x04a00000, 0x05d10000, 0x05d10000)
  from space 2368K,  91% used [0x05f60000, 0x0617d6d0, 0x061b0000)
  to   space 2368K,   0% used [0x05d10000, 0x05d10000, 0x05f60000)
 tenured generation   total 48468K, used 34182K [0x09f50000, 0x0cea5000, 0x14a00000)
   the space 48468K,  70% used [0x09f50000, 0x0c0b1ad8, 0x0c0b1c00, 0x0cea5000)
 Metaspace       used 30121K, capacity 30418K, committed 30592K, reserved 31104K
Event: 27.221 GC heap after
Heap after GC invocations=115 (full 3):
 def new generation   total 21888K, used 2368K [0x04a00000, 0x061b0000, 0x09f50000)
  eden space 19520K,   0% used [0x04a00000, 0x04a00000, 0x05d10000)
  from space 2368K, 100% used [0x05d10000, 0x05f60000, 0x05f60000)
  to   space 2368K,   0% used [0x05f60000, 0x05f60000, 0x061b0000)
 tenured generation   total 48468K, used 36318K [0x09f50000, 0x0cea5000, 0x14a00000)
   the space 48468K,  74% used [0x09f50000, 0x0c2c7950, 0x0c2c7a00, 0x0cea5000)
 Metaspace       used 30121K, capacity 30418K, committed 30592K, reserved 31104K
}

