# JRE version: Java(TM) SE Runtime Environment (8.0_66-b17) (build 1.8.0_66-b17)
# Java VM: Java HotSpot(TM) Client VM (25.66-b17 mixed mode, sharing windows-x86 )
Heap:
 def new generation   total 20288K, used 12591K [0x04a00000, 0x06000000, 0x09f50000)
  eden space 18048K,  57% used [0x04a00000, 0x0541bd50, 0x05ba0000)
  from space 2240K, 100% used [0x05dd0000, 0x06000000, 0x06000000)
  to   space 2240K,   0% used [0x05ba0000, 0x05ba0000, 0x05dd0000)
 tenured generation   total 45020K, used 31645K [0x09f50000, 0x0cb47000, 0x14a00000)
   the space 45020K,  70% used [0x09f50000, 0x0be374c0, 0x0be37600, 0x0cb47000)
 Metaspace       used 25790K, capacity 26075K, committed 26240K, reserved 27008K
GC Heap History (10 events):
Event: 10.986 GC heap before
{Heap before GC invocations=90 (full 2):
 def new generation   total 12672K, used 12324K [0x04a00000, 0x057c0000, 0x09f50000)
  eden space 11264K, 100% used [0x04a00000, 0x05500000, 0x05500000)
  from space 1408K,  75% used [0x05500000, 0x05609008, 0x05660000)
  to   space 1408K,   0% used [0x05660000, 0x05660000, 0x057c0000)
 tenured generation   total 28048K, used 26594K [0x09f50000, 0x0bab4000, 0x14a00000)
   the space 28048K,  94% used [0x09f50000, 0x0b948b08, 0x0b948c00, 0x0bab4000)
 Metaspace       used 21115K, capacity 21393K, committed 21504K, reserved 21888K
Event: 10.992 GC heap after
Heap after GC invocations=91 (full 2):
 def new generation   total 12672K, used 1408K [0x04a00000, 0x057c0000, 0x09f50000)
  eden space 11264K,   0% used [0x04a00000, 0x04a00000, 0x05500000)
  from space 1408K, 100% used [0x05660000, 0x057c0000, 0x057c0000)
  to   space 1408K,   0% used [0x05500000, 0x05500000, 0x05660000)
 tenured generation   total 28048K, used 27666K [0x09f50000, 0x0bab4000, 0x14a00000)
   the space 28048K,  98% used [0x09f50000, 0x0ba54838, 0x0ba54a00, 0x0bab4000)
 Metaspace       used 21115K, capacity 21393K, committed 21504K, reserved 21888K
}
Event: 11.227 GC heap before
{Heap before GC invocations=91 (full 2):
 def new generation   total 12672K, used 12672K [0x04a00000, 0x057c0000, 0x09f50000)
  eden space 11264K, 100% used [0x04a00000, 0x05500000, 0x05500000)
  from space 1408K, 100% used [0x05660000, 0x057c0000, 0x057c0000)
  to   space 1408K,   0% used [0x05500000, 0x05500000, 0x05660000)
 tenured generation   total 28048K, used 27666K [0x09f50000, 0x0bab4000, 0x14a00000)
   the space 28048K,  98% used [0x09f50000, 0x0ba54838, 0x0ba54a00, 0x0bab4000)
 Metaspace       used 21853K, capacity 22129K, committed 22272K, reserved 22912K
Event: 11.307 GC heap after
Heap after GC invocations=92 (full 3):
 def new generation   total 20288K, used 0K [0x04a00000, 0x06000000, 0x09f50000)
  eden space 18048K,   0% used [0x04a00000, 0x04a00000, 0x05ba0000)
  from space 2240K,   0% used [0x05ba0000, 0x05ba0000, 0x05dd0000)
  to   space 2240K,   0% used [0x05dd0000, 0x05dd0000, 0x06000000)
 tenured generation   total 45020K, used 27011K [0x09f50000, 0x0cb47000, 0x14a00000)
   the space 45020K,  59% used [0x09f50000, 0x0b9b0c68, 0x0b9b0e00, 0x0cb47000)
 Metaspace       used 21829K, capacity 22089K, committed 22272K, reserved 22912K
}
Event: 1763.241 GC heap before
{Heap before GC invocations=92 (full 3):
 def new generation   total 20288K, used 18036K [0x04a00000, 0x06000000, 0x09f50000)
  eden space 18048K,  99% used [0x04a00000, 0x05b9d238, 0x05ba0000)
  from space 2240K,   0% used [0x05ba0000, 0x05ba0000, 0x05dd0000)
  to   space 2240K,   0% used [0x05dd0000, 0x05dd0000, 0x06000000)
 tenured generation   total 45020K, used 27011K [0x09f50000, 0x0cb47000, 0x14a00000)
   the space 45020K,  59% used [0x09f50000, 0x0b9b0c68, 0x0b9b0e00, 0x0cb47000)
 Metaspace       used 22718K, capacity 23017K, committed 23168K, reserved 23936K
Event: 1763.247 GC heap after
Heap after GC invocations=93 (full 3):
 def new generation   total 20288K, used 2089K [0x04a00000, 0x06000000, 0x09f50000)
  eden space 18048K,   0% used [0x04a00000, 0x04a00000, 0x05ba0000)
  from space 2240K,  93% used [0x05dd0000, 0x05fda540, 0x06000000)
  to   space 2240K,   0% used [0x05ba0000, 0x05ba0000, 0x05dd0000)
 tenured generation   total 45020K, used 27011K [0x09f50000, 0x0cb47000, 0x14a00000)
   the space 45020K,  59% used [0x09f50000, 0x0b9b0c68, 0x0b9b0e00, 0x0cb47000)
 Metaspace       used 22718K, capacity 23017K, committed 23168K, reserved 23936K
}
Event: 1763.605 GC heap before
{Heap before GC invocations=93 (full 3):
 def new generation   total 20288K, used 20137K [0x04a00000, 0x06000000, 0x09f50000)
  eden space 18048K, 100% used [0x04a00000, 0x05ba0000, 0x05ba0000)
  from space 2240K,  93% used [0x05dd0000, 0x05fda540, 0x06000000)
  to   space 2240K,   0% used [0x05ba0000, 0x05ba0000, 0x05dd0000)
 tenured generation   total 45020K, used 27011K [0x09f50000, 0x0cb47000, 0x14a00000)
   the space 45020K,  59% used [0x09f50000, 0x0b9b0c68, 0x0b9b0e00, 0x0cb47000)
 Metaspace       used 25034K, capacity 25324K, committed 25472K, reserved 25984K
Event: 1763.611 GC heap after
Heap after GC invocations=94 (full 3):
 def new generation   total 20288K, used 2240K [0x04a00000, 0x06000000, 0x09f50000)
  eden space 18048K,   0% used [0x04a00000, 0x04a00000, 0x05ba0000)
  from space 2240K, 100% used [0x05ba0000, 0x05dd0000, 0x05dd0000)
  to   space 2240K,   0% used [0x05dd0000, 0x05dd0000, 0x06000000)
 tenured generation   total 45020K, used 28626K [0x09f50000, 0x0cb47000, 0x14a00000)
   the space 45020K,  63% used [0x09f50000, 0x0bb44b50, 0x0bb44c00, 0x0cb47000)
 Metaspace       used 25034K, capacity 25324K, committed 25472K, reserved 25984K
}
Event: 1763.822 GC heap before
{Heap before GC invocations=94 (full 3):
 def new generation   total 20288K, used 20288K [0x04a00000, 0x06000000, 0x09f50000)
  eden space 18048K, 100% used [0x04a00000, 0x05ba0000, 0x05ba0000)
  from space 2240K, 100% used [0x05ba0000, 0x05dd0000, 0x05dd0000)
  to   space 2240K,   0% used [0x05dd0000, 0x05dd0000, 0x06000000)
 tenured generation   total 45020K, used 28626K [0x09f50000, 0x0cb47000, 0x14a00000)
   the space 45020K,  63% used [0x09f50000, 0x0bb44b50, 0x0bb44c00, 0x0cb47000)
 Metaspace       used 25734K, capacity 26011K, committed 26240K, reserved 27008K
Event: 1763.832 GC heap after
Heap after GC invocations=95 (full 3):
 def new generation   total 20288K, used 2240K [0x04a00000, 0x06000000, 0x09f50000)
  eden space 18048K,   0% used [0x04a00000, 0x04a00000, 0x05ba0000)
  from space 2240K, 100% used [0x05dd0000, 0x06000000, 0x06000000)
  to   space 2240K,   0% used [0x05ba0000, 0x05ba0000, 0x05dd0000)
 tenured generation   total 45020K, used 31645K [0x09f50000, 0x0cb47000, 0x14a00000)
   the space 45020K,  70% used [0x09f50000, 0x0be374c0, 0x0be37600, 0x0cb47000)
 Metaspace       used 25734K, capacity 26011K, committed 26240K, reserved 27008K
}

