# JRE version: Java(TM) SE Runtime Environment (8.0_66-b17) (build 1.8.0_66-b17)
# Java VM: Java HotSpot(TM) Client VM (25.66-b17 mixed mode windows-x86 )
Heap:
 def new generation   total 17536K, used 11920K [0x05400000, 0x06700000, 0x0a950000)
  eden space 15616K,  64% used [0x05400000, 0x05dc4310, 0x06340000)
  from space 1920K, 100% used [0x06340000, 0x06520000, 0x06520000)
  to   space 1920K,   0% used [0x06520000, 0x06520000, 0x06700000)
 tenured generation   total 38772K, used 28008K [0x0a950000, 0x0cf2d000, 0x15400000)
   the space 38772K,  72% used [0x0a950000, 0x0c4aa2f0, 0x0c4aa400, 0x0cf2d000)
 Metaspace       used 29863K, capacity 30140K, committed 30336K, reserved 31104K
GC Heap History (10 events):
Event: 13.635 GC heap before
{Heap before GC invocations=96 (full 3):
 def new generation   total 13760K, used 13389K [0x05400000, 0x062e0000, 0x0a950000)
  eden space 12288K, 100% used [0x05400000, 0x06000000, 0x06000000)
  from space 1472K,  74% used [0x06170000, 0x062835c8, 0x062e0000)
  to   space 1472K,   0% used [0x06000000, 0x06000000, 0x06170000)
 tenured generation   total 30448K, used 29505K [0x0a950000, 0x0c70c000, 0x15400000)
   the space 30448K,  96% used [0x0a950000, 0x0c620738, 0x0c620800, 0x0c70c000)
 Metaspace       used 25300K, capacity 25611K, committed 25728K, reserved 25984K
Event: 13.708 GC heap after
Heap after GC invocations=97 (full 4):
 def new generation   total 17536K, used 0K [0x05400000, 0x06700000, 0x0a950000)
  eden space 15616K,   0% used [0x05400000, 0x05400000, 0x06340000)
  from space 1920K,   0% used [0x06340000, 0x06340000, 0x06520000)
  to   space 1920K,   0% used [0x06520000, 0x06520000, 0x06700000)
 tenured generation   total 38772K, used 23262K [0x0a950000, 0x0cf2d000, 0x15400000)
   the space 38772K,  59% used [0x0a950000, 0x0c007860, 0x0c007a00, 0x0cf2d000)
 Metaspace       used 25256K, capacity 25546K, committed 25728K, reserved 25984K
}
Event: 13.917 GC heap before
{Heap before GC invocations=97 (full 4):
 def new generation   total 17536K, used 15616K [0x05400000, 0x06700000, 0x0a950000)
  eden space 15616K, 100% used [0x05400000, 0x06340000, 0x06340000)
  from space 1920K,   0% used [0x06340000, 0x06340000, 0x06520000)
  to   space 1920K,   0% used [0x06520000, 0x06520000, 0x06700000)
 tenured generation   total 38772K, used 23262K [0x0a950000, 0x0cf2d000, 0x15400000)
   the space 38772K,  59% used [0x0a950000, 0x0c007860, 0x0c007a00, 0x0cf2d000)
 Metaspace       used 26204K, capacity 26474K, committed 26752K, reserved 27008K
Event: 13.925 GC heap after
Heap after GC invocations=98 (full 4):
 def new generation   total 17536K, used 1920K [0x05400000, 0x06700000, 0x0a950000)
  eden space 15616K,   0% used [0x05400000, 0x05400000, 0x06340000)
  from space 1920K, 100% used [0x06520000, 0x06700000, 0x06700000)
  to   space 1920K,   0% used [0x06340000, 0x06340000, 0x06520000)
 tenured generation   total 38772K, used 23409K [0x0a950000, 0x0cf2d000, 0x15400000)
   the space 38772K,  60% used [0x0a950000, 0x0c02c4d8, 0x0c02c600, 0x0cf2d000)
 Metaspace       used 26204K, capacity 26474K, committed 26752K, reserved 27008K
}
Event: 15.465 GC heap before
{Heap before GC invocations=98 (full 4):
 def new generation   total 17536K, used 17536K [0x05400000, 0x06700000, 0x0a950000)
  eden space 15616K, 100% used [0x05400000, 0x06340000, 0x06340000)
  from space 1920K, 100% used [0x06520000, 0x06700000, 0x06700000)
  to   space 1920K,   0% used [0x06340000, 0x06340000, 0x06520000)
 tenured generation   total 38772K, used 23409K [0x0a950000, 0x0cf2d000, 0x15400000)
   the space 38772K,  60% used [0x0a950000, 0x0c02c4d8, 0x0c02c600, 0x0cf2d000)
 Metaspace       used 27673K, capacity 27946K, committed 28160K, reserved 29056K
Event: 15.471 GC heap after
Heap after GC invocations=99 (full 4):
 def new generation   total 17536K, used 1820K [0x05400000, 0x06700000, 0x0a950000)
  eden space 15616K,   0% used [0x05400000, 0x05400000, 0x06340000)
  from space 1920K,  94% used [0x06340000, 0x06507298, 0x06520000)
  to   space 1920K,   0% used [0x06520000, 0x06520000, 0x06700000)
 tenured generation   total 38772K, used 24242K [0x0a950000, 0x0cf2d000, 0x15400000)
   the space 38772K,  62% used [0x0a950000, 0x0c0fcbc8, 0x0c0fcc00, 0x0cf2d000)
 Metaspace       used 27673K, capacity 27946K, committed 28160K, reserved 29056K
}
Event: 15.713 GC heap before
{Heap before GC invocations=99 (full 4):
 def new generation   total 17536K, used 17436K [0x05400000, 0x06700000, 0x0a950000)
  eden space 15616K, 100% used [0x05400000, 0x06340000, 0x06340000)
  from space 1920K,  94% used [0x06340000, 0x06507298, 0x06520000)
  to   space 1920K,   0% used [0x06520000, 0x06520000, 0x06700000)
 tenured generation   total 38772K, used 24242K [0x0a950000, 0x0cf2d000, 0x15400000)
   the space 38772K,  62% used [0x0a950000, 0x0c0fcbc8, 0x0c0fcc00, 0x0cf2d000)
 Metaspace       used 29516K, capacity 29805K, committed 30080K, reserved 30080K
Event: 15.717 GC heap after
Heap after GC invocations=100 (full 4):
 def new generation   total 17536K, used 1919K [0x05400000, 0x06700000, 0x0a950000)
  eden space 15616K,   0% used [0x05400000, 0x05400000, 0x06340000)
  from space 1920K,  99% used [0x06520000, 0x066ffff8, 0x06700000)
  to   space 1920K,   0% used [0x06340000, 0x06340000, 0x06520000)
 tenured generation   total 38772K, used 25025K [0x0a950000, 0x0cf2d000, 0x15400000)
   the space 38772K,  64% used [0x0a950000, 0x0c1c0798, 0x0c1c0800, 0x0cf2d000)
 Metaspace       used 29516K, capacity 29805K, committed 30080K, reserved 30080K
}
Event: 15.888 GC heap before
{Heap before GC invocations=100 (full 4):
 def new generation   total 17536K, used 17535K [0x05400000, 0x06700000, 0x0a950000)
  eden space 15616K, 100% used [0x05400000, 0x06340000, 0x06340000)
  from space 1920K,  99% used [0x06520000, 0x066ffff8, 0x06700000)
  to   space 1920K,   0% used [0x06340000, 0x06340000, 0x06520000)
 tenured generation   total 38772K, used 25025K [0x0a950000, 0x0cf2d000, 0x15400000)
   the space 38772K,  64% used [0x0a950000, 0x0c1c0798, 0x0c1c0800, 0x0cf2d000)
 Metaspace       used 29806K, capacity 30076K, committed 30336K, reserved 31104K
Event: 15.897 GC heap after
Heap after GC invocations=101 (full 4):
 def new generation   total 17536K, used 1920K [0x05400000, 0x06700000, 0x0a950000)
  eden space 15616K,   0% used [0x05400000, 0x05400000, 0x06340000)
  from space 1920K, 100% used [0x06340000, 0x06520000, 0x06520000)
  to   space 1920K,   0% used [0x06520000, 0x06520000, 0x06700000)
 tenured generation   total 38772K, used 28008K [0x0a950000, 0x0cf2d000, 0x15400000)
   the space 38772K,  72% used [0x0a950000, 0x0c4aa2f0, 0x0c4aa400, 0x0cf2d000)
 Metaspace       used 29806K, capacity 30076K, committed 30336K, reserved 31104K
}

