# JRE version: Java(TM) SE Runtime Environment (8.0_66-b17) (build 1.8.0_66-b17)
# Java VM: Java HotSpot(TM) Client VM (25.66-b17 mixed mode windows-x86 )
Heap:
 def new generation   total 22592K, used 16192K [0x05400000, 0x06c80000, 0x0a950000)
  eden space 20096K,  68% used [0x05400000, 0x06160058, 0x067a0000)
  from space 2496K, 100% used [0x06a10000, 0x06c80000, 0x06c80000)
  to   space 2496K,   0% used [0x067a0000, 0x067a0000, 0x06a10000)
 tenured generation   total 50124K, used 30125K [0x0a950000, 0x0da43000, 0x15400000)
   the space 50124K,  60% used [0x0a950000, 0x0c6bb420, 0x0c6bb600, 0x0da43000)
 Metaspace       used 29811K, capacity 30056K, committed 30336K, reserved 31104K
GC Heap History (10 events):
Event: 6245.567 GC heap before
{Heap before GC invocations=105 (full 4):
 def new generation   total 16320K, used 14558K [0x05400000, 0x065b0000, 0x0a950000)
  eden space 14528K, 100% used [0x05400000, 0x06230000, 0x06230000)
  from space 1792K,   1% used [0x06230000, 0x06237b30, 0x063f0000)
  to   space 1792K,   0% used [0x063f0000, 0x063f0000, 0x065b0000)
 tenured generation   total 36132K, used 34012K [0x0a950000, 0x0cc99000, 0x15400000)
   the space 36132K,  94% used [0x0a950000, 0x0ca87258, 0x0ca87400, 0x0cc99000)
 Metaspace       used 29828K, capacity 30081K, committed 30336K, reserved 31104K
Event: 6245.570 GC heap after
Heap after GC invocations=106 (full 4):
 def new generation   total 16320K, used 31K [0x05400000, 0x065b0000, 0x0a950000)
  eden space 14528K,   0% used [0x05400000, 0x05400000, 0x06230000)
  from space 1792K,   1% used [0x063f0000, 0x063f7fe0, 0x065b0000)
  to   space 1792K,   0% used [0x06230000, 0x06230000, 0x063f0000)
 tenured generation   total 36132K, used 34012K [0x0a950000, 0x0cc99000, 0x15400000)
   the space 36132K,  94% used [0x0a950000, 0x0ca87258, 0x0ca87400, 0x0cc99000)
 Metaspace       used 29828K, capacity 30081K, committed 30336K, reserved 31104K
}
Event: 6245.646 GC heap before
{Heap before GC invocations=106 (full 4):
 def new generation   total 16320K, used 14559K [0x05400000, 0x065b0000, 0x0a950000)
  eden space 14528K, 100% used [0x05400000, 0x06230000, 0x06230000)
  from space 1792K,   1% used [0x063f0000, 0x063f7fe0, 0x065b0000)
  to   space 1792K,   0% used [0x06230000, 0x06230000, 0x063f0000)
 tenured generation   total 36132K, used 34012K [0x0a950000, 0x0cc99000, 0x15400000)
   the space 36132K,  94% used [0x0a950000, 0x0ca87258, 0x0ca87400, 0x0cc99000)
 Metaspace       used 29828K, capacity 30081K, committed 30336K, reserved 31104K
Event: 6245.649 GC heap after
Heap after GC invocations=107 (full 4):
 def new generation   total 16320K, used 29K [0x05400000, 0x065b0000, 0x0a950000)
  eden space 14528K,   0% used [0x05400000, 0x05400000, 0x06230000)
  from space 1792K,   1% used [0x06230000, 0x06237738, 0x063f0000)
  to   space 1792K,   0% used [0x063f0000, 0x063f0000, 0x065b0000)
 tenured generation   total 36132K, used 34012K [0x0a950000, 0x0cc99000, 0x15400000)
   the space 36132K,  94% used [0x0a950000, 0x0ca87258, 0x0ca87400, 0x0cc99000)
 Metaspace       used 29828K, capacity 30081K, committed 30336K, reserved 31104K
}
Event: 6249.963 GC heap before
{Heap before GC invocations=107 (full 4):
 def new generation   total 16320K, used 14557K [0x05400000, 0x065b0000, 0x0a950000)
  eden space 14528K, 100% used [0x05400000, 0x06230000, 0x06230000)
  from space 1792K,   1% used [0x06230000, 0x06237738, 0x063f0000)
  to   space 1792K,   0% used [0x063f0000, 0x063f0000, 0x065b0000)
 tenured generation   total 36132K, used 34012K [0x0a950000, 0x0cc99000, 0x15400000)
   the space 36132K,  94% used [0x0a950000, 0x0ca87258, 0x0ca87400, 0x0cc99000)
 Metaspace       used 29828K, capacity 30081K, committed 30336K, reserved 31104K
Event: 6249.966 GC heap after
Heap after GC invocations=108 (full 4):
 def new generation   total 16320K, used 34K [0x05400000, 0x065b0000, 0x0a950000)
  eden space 14528K,   0% used [0x05400000, 0x05400000, 0x06230000)
  from space 1792K,   1% used [0x063f0000, 0x063f8be8, 0x065b0000)
  to   space 1792K,   0% used [0x06230000, 0x06230000, 0x063f0000)
 tenured generation   total 36132K, used 34012K [0x0a950000, 0x0cc99000, 0x15400000)
   the space 36132K,  94% used [0x0a950000, 0x0ca87258, 0x0ca87400, 0x0cc99000)
 Metaspace       used 29828K, capacity 30081K, committed 30336K, reserved 31104K
}
Event: 6417.679 GC heap before
{Heap before GC invocations=108 (full 4):
 def new generation   total 16320K, used 14562K [0x05400000, 0x065b0000, 0x0a950000)
  eden space 14528K, 100% used [0x05400000, 0x06230000, 0x06230000)
  from space 1792K,   1% used [0x063f0000, 0x063f8be8, 0x065b0000)
  to   space 1792K,   0% used [0x06230000, 0x06230000, 0x063f0000)
 tenured generation   total 36132K, used 34012K [0x0a950000, 0x0cc99000, 0x15400000)
   the space 36132K,  94% used [0x0a950000, 0x0ca87258, 0x0ca87400, 0x0cc99000)
 Metaspace       used 29828K, capacity 30081K, committed 30336K, reserved 31104K
Event: 6417.807 GC heap after
Heap after GC invocations=109 (full 5):
 def new generation   total 22592K, used 0K [0x05400000, 0x06c80000, 0x0a950000)
  eden space 20096K,   0% used [0x05400000, 0x05400000, 0x067a0000)
  from space 2496K,   0% used [0x067a0000, 0x067a0000, 0x06a10000)
  to   space 2496K,   0% used [0x06a10000, 0x06a10000, 0x06c80000)
 tenured generation   total 50124K, used 30073K [0x0a950000, 0x0da43000, 0x15400000)
   the space 50124K,  59% used [0x0a950000, 0x0c6ae790, 0x0c6ae800, 0x0da43000)
 Metaspace       used 29807K, capacity 30051K, committed 30336K, reserved 31104K
}
Event: 6417.890 GC heap before
{Heap before GC invocations=109 (full 5):
 def new generation   total 22592K, used 20096K [0x05400000, 0x06c80000, 0x0a950000)
  eden space 20096K, 100% used [0x05400000, 0x067a0000, 0x067a0000)
  from space 2496K,   0% used [0x067a0000, 0x067a0000, 0x06a10000)
  to   space 2496K,   0% used [0x06a10000, 0x06a10000, 0x06c80000)
 tenured generation   total 50124K, used 30073K [0x0a950000, 0x0da43000, 0x15400000)
   the space 50124K,  59% used [0x0a950000, 0x0c6ae790, 0x0c6ae800, 0x0da43000)
 Metaspace       used 29811K, capacity 30056K, committed 30336K, reserved 31104K
Event: 6417.901 GC heap after
Heap after GC invocations=110 (full 5):
 def new generation   total 22592K, used 2496K [0x05400000, 0x06c80000, 0x0a950000)
  eden space 20096K,   0% used [0x05400000, 0x05400000, 0x067a0000)
  from space 2496K, 100% used [0x06a10000, 0x06c80000, 0x06c80000)
  to   space 2496K,   0% used [0x067a0000, 0x067a0000, 0x06a10000)
 tenured generation   total 50124K, used 30125K [0x0a950000, 0x0da43000, 0x15400000)
   the space 50124K,  60% used [0x0a950000, 0x0c6bb420, 0x0c6bb600, 0x0da43000)
 Metaspace       used 29811K, capacity 30056K, committed 30336K, reserved 31104K
}

